points(3, 2) (5, 30) (64, 79) (67, 11) (71, 76) (73, 8) (77, 41)  distance 412.95 shortcut 40.16
points(4, 7) (44, 78) (46, 25) (57, 18) (76, 23)  distance 209.22 shortcut 45.69
points(9, 64) (12, 26) (32, 46) (45, 24) (49, 65) (52, 7) (53, 67) (58, 36) (62, 60) (69, 70)  distance 365.84 shortcut 56.44
points(15, 72) (23, 48) (32, 32) (49, 54) (51, 9)  distance 127.17 shortcut 29.83
points(3, 55) (5, 6) (29, 35) (44, 72) (49, 69) (55, 74) (57, 47) (58, 55)  distance 261.04 shortcut 44.38
points(18, 14) (23, 2) (29, 51) (56, 56)  distance 119.01 shortcut 27.46
points(16, 22) (16, 74) (74, 74)  distance 129.90 shortcut 58.00
points(13, 77) (55, 38)  distance 57.31 shortcut 57.31
points(5, 9) (9, 9) (9, 45) (10, 55) (18, 74) (21, 1) (30, 67) (34, 16) (61, 54) (63, 4) (65, 73) (71, 43) (79, 39)  distance 492.23 shortcut 54.23
points(9, 9) (10, 24) (16, 58) (41, 28) (46, 68) (46, 74) (52, 22) (58, 27) (60, 8) (64, 79) (71, 24)  distance 410.97 shortcut 15.03
points(22, 9) (58, 58)  distance 60.80 shortcut 60.80
points(9, 72) (17, 50) (25, 28) (33, 52) (37, 55) (59, 46) (60, 2) (73, 36) (73, 70)  distance 294.96 shortcut 69.23
points distance 0.00 shortcut 60.03
points(2, 48) (9, 47) (16, 51) (24, 62) (31, 53) (36, 57) (36, 73) (38, 15) (39, 6) (42, 72) (52, 63) (56, 39) (74, 57) (80, 17)  distance 524.51 shortcut 37.12
points(43, 46) (62, 62)  distance 24.84 shortcut 24.84
points distance 0.00 shortcut 62.97
points(48, 60)  distance 0.00 shortcut 0.00
points(7, 5) (15, 76) (19, 39) (23, 11) (33, 3) (35, 45) (37, 1) (38, 61) (47, 47) (51, 70) (58, 52) (63, 76) (67, 36)  distance 388.11 shortcut 43.27
points(3, 36) (16, 49) (19, 24) (27, 1) (27, 12) (36, 67) (39, 73) (42, 61) (47, 32) (63, 72) (64, 4) (73, 6)  distance 393.79 shortcut 37.12
points(11, 69) (13, 59) (17, 30) (20, 20) (28, 74) (31, 37) (50, 17) (55, 42) (57, 18) (67, 50) (68, 51) (69, 14) (71, 64) (76, 54)  distance 606.42 shortcut 10.44
points(1, 22) (14, 15) (21, 61) (25, 16) (25, 26) (30, 58) (40, 37) (44, 64) (51, 62) (52, 26) (60, 1) (65, 22) (75, 31) (76, 12)  distance 571.67 shortcut 41.79
points(31, 54) (39, 39) (39, 60) (41, 9) (51, 55)  distance 87.07 shortcut 30.07
points(3, 3)  distance 0.00 shortcut 0.00
points distance 0.00 shortcut 4.24
points(9, 72) (23, 71) (26, 48) (51, 46) (65, 57) (77, 71) (79, 62)  distance 210.35 shortcut 54.00
points(11, 74) (27, 2) (28, 59) (39, 26) (49, 9) (52, 57) (52, 78) (72, 13) (79, 61)  distance 352.76 shortcut 30.61
points(8, 35) (13, 16) (19, 59) (25, 39) (37, 19) (42, 10) (43, 68) (49, 68) (63, 39) (66, 77) (72, 73) (77, 45)  distance 433.67 shortcut 34.13
points(4, 79) (9, 53) (21, 43) (34, 22) (43, 3) (71, 15) (77, 8)  distance 315.87 shortcut 30.46
points(8, 13) (8, 48) (9, 55) (27, 80) (29, 78) (35, 48) (40, 23) (48, 28) (59, 35) (63, 21) (70, 39) (76, 20)  distance 450.21 shortcut 44.20
points(17, 17)  distance 0.00 shortcut 0.00
points(39, 39)  distance 0.00 shortcut 0.00
points(1, 1) (12, 48) (28, 28) (35, 31) (61, 41) (62, 39)  distance 231.00 shortcut 35.47
points(42, 22)  distance 0.00 shortcut 0.00
points(12, 70) (18, 57) (22, 37) (22, 44) (29, 66) (47, 78) (49, 47) (62, 63) (78, 41)  distance 265.03 shortcut 7.00
points(19, 60) (31, 69) (34, 68) (39, 46) (48, 42) (49, 49) (51, 32) (55, 14) (72, 49) (73, 79)  distance 348.82 shortcut 23.00
points(2, 78) (13, 66) (15, 19) (15, 63) (20, 51) (24, 7) (24, 50) (27, 49) (28, 2) (30, 38) (37, 55) (46, 65) (49, 14) (57, 62)  distance 549.45 shortcut 17.46
points(3, 52) (8, 8) (17, 20) (21, 35) (30, 47) (34, 65) (35, 63) (36, 21) (38, 70) (41, 68) (48, 70) (51, 54) (57, 8) (62, 43)  distance 434.37 shortcut 49.00
points(14, 49) (19, 35) (22, 57) (28, 30) (28, 38) (29, 66) (53, 51) (70, 55) (80, 80)  distance 283.84 shortcut 10.30
points(24, 24)  distance 0.00 shortcut 0.00
points(51, 28) (54, 43) (59, 44) (78, 78)  distance 75.62 shortcut 38.95
points(11, 38) (18, 19) (21, 59) (37, 16) (38, 65) (47, 46) (49, 25) (50, 27) (59, 74) (60, 7) (63, 45) (65, 56) (74, 69) (75, 33)  distance 454.33 shortcut 44.05
points(44, 52)  distance 0.00 shortcut 0.00
points(24, 60) (43, 75) (45, 45)  distance 50.01 shortcut 30.07
points(5, 37) (47, 18) (62, 27) (70, 63)  distance 124.38 shortcut 46.10
points distance 0.00 shortcut 37.34
points(4, 4) (7, 72) (11, 3) (12, 34) (14, 72) (17, 65) (29, 20) (39, 29) (41, 54) (54, 25) (61, 5) (63, 13) (68, 23)  distance 603.06 shortcut 35.23
points(3, 50) (6, 26) (7, 69) (32, 32) (53, 57) (72, 71)  distance 172.47 shortcut 55.87
points(15, 44) (30, 46) (39, 39) (47, 12) (48, 37) (57, 71) (64, 77) (72, 2) (77, 38)  distance 357.12 shortcut 24.52
points(2, 2) (64, 21) (64, 25)  distance 68.85 shortcut 66.13
points(45, 30) (45, 59)  distance 29.00 shortcut 29.00
points(2, 2)  distance 0.00 shortcut 0.00
points(31, 2)  distance 0.00 shortcut 0.00
points(1, 47) (2, 62) (2, 68) (11, 19) (27, 39) (40, 70) (53, 45) (55, 78) (56, 36) (62, 22) (69, 17)  distance 485.58 shortcut 65.92
points(1, 41) (1, 77) (3, 3) (23, 75) (27, 76) (28, 17) (35, 4) (37, 26) (43, 27) (58, 17) (60, 18) (78, 39) (79, 39)  distance 487.77 shortcut 74.03
points(4, 46) (17, 28) (17, 46) (22, 39) (24, 46) (24, 68) (42, 24) (42, 52) (45, 16) (60, 76) (69, 56) (78, 22)  distance 417.51 shortcut 29.73
points(27, 27)  distance 0.00 shortcut 0.00
points(47, 55) (48, 31) (50, 42) (51, 65) (75, 71)  distance 116.87 shortcut 34.13
points(2, 65) (12, 24) (20, 69) (28, 28) (32, 23) (34, 38) (35, 1) (46, 80) (48, 35) (67, 70) (78, 56)  distance 442.27 shortcut 11.66
points(2, 20) (7, 44) (42, 24) (46, 46) (52, 59) (69, 72)  distance 287.78 shortcut 22.36
points(41, 53) (67, 48) (69, 4) (77, 77)  distance 156.35 shortcut 30.68
points(4, 52) (15, 55) (34, 48) (35, 10) (44, 56) (46, 77) (49, 57) (64, 61) (64, 65) (69, 40) (74, 79) (79, 16)  distance 378.17 shortcut 29.68
points(8, 8) (13, 74) (17, 79) (23, 47) (34, 34) (65, 20) (71, 57) (77, 55)  distance 360.44 shortcut 34.01
points(7, 8) (21, 38) (25, 77) (26, 9) (34, 6) (54, 30)  distance 199.48 shortcut 19.03
points(4, 16) (10, 11) (17, 19) (20, 78) (22, 58) (51, 11) (63, 57) (68, 30) (70, 43) (71, 73) (76, 59) (80, 80)  distance 393.06 shortcut 11.40
points(11, 64) (14, 47) (22, 73) (35, 52) (36, 26) (44, 76) (50, 72) (54, 5) (64, 42) (78, 42)  distance 297.88 shortcut 70.52
points(37, 43) (42, 28) (46, 46) (56, 13)  distance 74.47 shortcut 9.49
points(13, 63) (39, 80) (63, 63)  distance 81.06 shortcut 29.41
points(41, 61)  distance 0.00 shortcut 0.00
points(1, 26)  distance 0.00 shortcut 0.00
points(20, 58) (21, 61) (28, 64) (38, 74) (40, 43) (62, 30) (63, 76) (63, 80) (67, 51) (68, 29) (70, 28)  distance 323.05 shortcut 46.01
points(3, 25) (16, 67) (31, 53) (33, 25) (52, 69) (63, 24) (68, 14) (77, 48) (78, 45)  distance 327.84 shortcut 45.31
points(1, 8) (5, 21) (14, 78) (30, 45) (34, 2) (43, 43) (47, 23) (61, 28) (68, 80)  distance 366.26 shortcut 41.98
points(13, 33) (14, 17) (27, 5) (34, 33) (47, 1) (51, 28) (52, 63) (59, 42) (61, 25) (66, 23) (68, 51)  distance 305.53 shortcut 57.87
points(2, 3) (2, 55) (4, 35) (5, 19) (20, 25) (23, 6) (30, 10) (32, 62) (36, 49) (37, 41) (65, 34) (70, 34) (72, 59) (78, 78)  distance 549.47 shortcut 83.23
points distance 0.00 shortcut 31.62
points(5, 58) (7, 45) (7, 63) (15, 47) (15, 65) (18, 18) (39, 28) (48, 50) (55, 56) (64, 14)  distance 319.17 shortcut 47.10
points(1, 25) (5, 60) (45, 45) (52, 45) (62, 51) (78, 11)  distance 296.70 shortcut 7.00
points(18, 53) (32, 78) (35, 40) (42, 24) (43, 35) (48, 32) (52, 68) (54, 15) (59, 72) (60, 8) (65, 49) (66, 66) (71, 18) (75, 44)  distance 451.84 shortcut 17.03
points(2, 9) (2, 72) (7, 3) (11, 27) (18, 50) (19, 1) (24, 52) (41, 65) (46, 77) (54, 16) (55, 1) (55, 36) (59, 33)  distance 483.61 shortcut 45.89
points(17, 29) (21, 21) (28, 21) (29, 34) (50, 43) (63, 77) (67, 58) (75, 50) (78, 46)  distance 330.13 shortcut 62.24
points distance 0.00 shortcut 90.55
points(21, 49)  distance 0.00 shortcut 0.00
points distance 0.00 shortcut 53.31
points(18, 18) (22, 79) (26, 26) (39, 43) (59, 4)  distance 199.90 shortcut 21.40
points(12, 75) (28, 24) (29, 28) (36, 28) (44, 60) (48, 52) (49, 29) (49, 72) (58, 33) (64, 51) (66, 36) (70, 13) (71, 35)  distance 409.14 shortcut 21.47
points(10, 79) (19, 42) (21, 48) (31, 78) (32, 22) (39, 22) (50, 22) (57, 16) (61, 52) (65, 46) (67, 76) (68, 47) (76, 80) (79, 23)  distance 528.90 shortcut 18.97
points(8, 44) (38, 17) (49, 7) (55, 65) (66, 22) (71, 71) (74, 36) (80, 48)  distance 281.01 shortcut 17.09
points(15, 41) (22, 70) (23, 47) (50, 14) (57, 70) (64, 65) (73, 23)  distance 221.49 shortcut 49.65
points(18, 59) (37, 74) (42, 24) (75, 33)  distance 122.55 shortcut 34.21
points(4, 19) (4, 41) (19, 14) (23, 14) (25, 60) (36, 54) (40, 38) (40, 48)  distance 192.56 shortcut 46.04
points distance 0.00 shortcut 26.93
points(9, 35) (45, 45) (46, 26)  distance 57.11 shortcut 37.36
points(6, 4) (11, 40) (22, 22) (30, 8) (31, 60) (32, 24) (37, 42) (46, 30) (46, 70) (64, 41) (75, 66) (76, 6) (77, 11) (77, 46)  distance 549.16 shortcut 48.08
points distance 0.00 shortcut 89.69
points(32, 18) (69, 66) (76, 26)  distance 105.33 shortcut 40.61
points(14, 14) (24, 78) (44, 66) (47, 67) (63, 28) (76, 16)  distance 236.56 shortcut 64.78
points(3, 22) (6, 66) (6, 79) (14, 11) (26, 52) (32, 32) (37, 33) (57, 3) (63, 65) (75, 23)  distance 487.44 shortcut 30.68
points(18, 18)  distance 0.00 shortcut 0.00
points(5, 5) (10, 21) (14, 68) (16, 12) (20, 56) (26, 58) (32, 73) (35, 60) (52, 68) (57, 78) (64, 55) (66, 42) (72, 24)  distance 568.83 shortcut 6.32
points(30, 46) (53, 34) (56, 50) (59, 1) (61, 62) (69, 53)  distance 173.50 shortcut 24.84
points(17, 53) (22, 73) (31, 15) (33, 15) (39, 20) (55, 14) (73, 26) (79, 43)  distance 235.69 shortcut 18.03
points distance 0.00 shortcut 89.94
points(16, 33) (20, 28) (20, 73) (25, 39) (36, 70) (47, 38) (50, 28) (59, 42) (63, 67) (66, 35) (66, 77) (71, 39)  distance 374.76 shortcut 27.31
points(10, 39) (11, 34) (15, 9) (30, 70) (49, 15) (80, 44)  distance 277.63 shortcut 25.32
points(30, 24) (57, 57) (59, 77)  distance 80.51 shortcut 42.64
points(6, 2) (17, 68) (21, 50) (37, 37) (63, 70) (77, 76)  distance 235.95 shortcut 20.62
points(17, 62) (18, 27) (29, 74) (51, 58) (52, 55) (54, 25) (54, 69) (56, 41) (70, 65)  distance 297.40 shortcut 44.05
points(1, 80) (18, 76) (19, 76) (24, 60) (33, 66) (56, 3) (60, 27) (60, 42) (63, 54) (64, 6) (74, 5) (76, 16) (77, 21) (77, 49)  distance 682.77 shortcut 63.89
points(7, 6) (38, 38) (58, 45) (71, 75)  distance 146.48 shortcut 44.55
points(6, 6) (50, 58)  distance 68.12 shortcut 68.12
points(13, 2) (19, 26) (23, 5) (27, 61) (30, 12) (49, 34) (79, 19) (79, 79)  distance 344.63 shortcut 101.41
points(16, 36) (16, 72) (19, 24) (31, 17) (35, 24) (35, 41) (40, 37) (50, 74) (52, 61) (55, 38) (55, 58) (68, 71) (73, 67)  distance 480.62 shortcut 48.75
points(2, 53) (4, 39) (16, 16) (24, 67) (27, 28) (31, 67) (35, 33) (37, 58) (41, 1) (45, 30) (48, 69) (67, 12) (73, 74)  distance 570.62 shortcut 61.91
points(4, 44) (7, 30) (10, 9) (31, 45) (41, 40) (53, 53) (66, 65)  distance 266.52 shortcut 23.41
points(13, 7) (37, 37) (63, 7) (80, 57)  distance 181.02 shortcut 39.70
points(26, 57) (39, 79) (40, 56) (73, 74)  distance 110.59 shortcut 25.55
points(14, 64) (66, 66)  distance 52.04 shortcut 52.04
points(6, 6) (17, 61) (18, 56) (43, 9) (48, 67) (61, 36) (62, 34) (67, 73) (80, 55)  distance 385.44 shortcut 62.61
points(8, 30) (17, 73) (18, 30) (45, 63)  distance 122.32 shortcut 10.00
points(1, 54) (6, 46) (16, 15) (33, 60) (37, 37) (38, 22) (48, 37) (51, 39) (52, 80) (62, 76)  distance 332.37 shortcut 45.54
points(3, 22) (15, 63) (16, 47) (18, 76) (42, 18) (58, 58) (60, 75) (61, 76) (62, 22) (62, 44) (63, 76) (76, 53)  distance 483.79 shortcut 36.22
points(4, 67) (6, 79) (7, 20) (7, 22) (15, 56) (33, 33) (34, 34) (71, 65) (73, 64) (73, 69) (75, 69)  distance 432.22 shortcut 52.40
points(8, 75) (11, 66) (19, 15) (21, 70) (22, 75) (23, 75) (39, 48) (43, 31) (50, 26) (56, 3) (61, 55) (64, 80) (67, 73) (73, 80)  distance 569.82 shortcut 45.04
points(2, 28) (21, 66) (22, 67) (35, 42) (36, 68) (42, 4) (42, 70) (44, 66) (50, 61) (60, 43) (67, 1) (67, 41) (70, 70) (76, 53)  distance 483.91 shortcut 28.79
points(2, 10) (3, 34) (14, 35) (29, 29) (33, 68) (35, 44) (49, 69) (54, 7) (61, 42) (74, 8)  distance 393.20 shortcut 33.02
points(6, 55) (15, 14) (23, 40) (34, 33) (35, 48) (36, 16) (43, 4) (45, 29) (45, 77) (48, 48) (60, 42) (62, 64) (64, 48)  distance 443.96 shortcut 47.38
points(2, 21) (7, 58) (13, 22) (13, 25) (26, 17) (29, 62) (35, 54) (40, 25) (43, 34) (55, 56) (58, 73) (76, 76)  distance 480.70 shortcut 71.31
points(30, 21) (73, 39)  distance 46.62 shortcut 46.62
points(8, 1) (24, 45) (27, 8) (40, 12) (40, 47) (53, 16) (66, 8)  distance 208.23 shortcut 20.25
points(11, 11) (15, 44) (18, 7) (18, 68) (26, 57) (63, 51) (71, 40) (73, 49) (80, 20)  distance 307.27 shortcut 72.72
points(5, 42) (28, 46) (46, 35) (53, 70) (70, 69)  distance 103.09 shortcut 55.57
points(27, 17) (31, 69) (67, 3)  distance 117.56 shortcut 52.15
points(7, 70) (9, 26) (17, 17) (18, 45) (30, 58) (32, 40) (32, 42) (33, 11) (39, 56) (52, 16) (58, 12) (63, 76) (74, 66) (77, 79)  distance 609.64 shortcut 12.04
points(14, 51) (16, 11) (20, 12) (30, 5) (32, 44) (41, 55) (48, 55) (51, 5) (58, 28) (59, 31)  distance 302.18 shortcut 39.05
points(3, 41) (16, 35) (23, 75) (39, 45) (70, 43)  distance 191.84 shortcut 40.61
points(2, 74) (4, 34) (16, 12) (42, 50) (45, 76) (67, 36)  distance 267.35 shortcut 63.03
points(45, 37)  distance 0.00 shortcut 0.00
points(25, 55)  distance 0.00 shortcut 0.00
points(8, 6) (24, 60) (25, 48) (44, 19) (70, 40) (75, 55)  distance 221.19 shortcut 15.81
points(1, 45) (11, 77) (22, 24) (32, 32) (41, 47)  distance 123.14 shortcut 12.81
points(4, 64) (8, 61) (24, 24) (32, 20) (59, 62) (62, 9) (73, 23)  distance 333.05 shortcut 51.66
points(9, 77) (25, 32) (54, 66) (71, 51) (77, 75)  distance 209.73 shortcut 44.69
points(37, 64) (46, 51) (54, 54) (56, 68)  distance 49.68 shortcut 19.72
points(6, 46) (16, 35) (37, 11) (37, 20) (41, 60) (45, 18) (52, 1) (64, 46) (79, 62)  distance 299.66 shortcut 59.40
points(3, 71) (22, 74) (24, 35) (31, 42) (43, 77) (47, 27) (52, 49) (57, 29) (72, 6) (80, 80)  distance 388.15 shortcut 62.43
points(33, 59) (49, 24) (60, 60)  distance 65.50 shortcut 37.64
points(10, 19) (13, 10) (16, 58) (29, 2) (36, 41) (50, 13) (54, 21) (68, 4) (71, 5) (76, 20) (77, 59)  distance 420.30 shortcut 25.50
points distance 0.00 shortcut 21.47
points(11, 31) (25, 75) (44, 33) (46, 12) (47, 31) (70, 27)  distance 172.85 shortcut 65.80
points(9, 30) (15, 57) (28, 74) (31, 38) (35, 79) (40, 40) (41, 24) (50, 26) (59, 18) (80, 80)  distance 369.49 shortcut 86.84
points(9, 71) (41, 6)  distance 72.45 shortcut 72.45
points(18, 25) (26, 41) (34, 48) (52, 52) (71, 63) (80, 57)  distance 206.12 shortcut 18.44
points(9, 66) (14, 14) (39, 25) (43, 42) (57, 32) (63, 54)  distance 196.30 shortcut 40.31
points(1, 67) (2, 9) (4, 80) (18, 12) (27, 28) (27, 32) (49, 44) (50, 21) (52, 55) (59, 35) (61, 10) (73, 20) (74, 74)  distance 547.28 shortcut 41.79
points(3, 75) (4, 61) (14, 64) (24, 57) (25, 25) (26, 71) (31, 27) (35, 75) (42, 44) (45, 26) (54, 4) (61, 8)  distance 498.99 shortcut 39.81
points(3, 72) (35, 20) (38, 52) (45, 72) (59, 8) (63, 48)  distance 221.82 shortcut 42.00
points(11, 11) (18, 32) (18, 74) (19, 76) (20, 41) (27, 77) (29, 17) (55, 48) (59, 7) (59, 22) (74, 68) (76, 53) (79, 22)  distance 522.66 shortcut 31.32
points(28, 66) (28, 79) (38, 80) (71, 17)  distance 146.36 shortcut 13.00
points(39, 32) (49, 41) (58, 34) (59, 59)  distance 51.10 shortcut 33.60
points(6, 23) (6, 78) (8, 22) (13, 18) (24, 12) (26, 28) (39, 39) (43, 69) (47, 32) (50, 7) (61, 55) (66, 30) (69, 76) (74, 16)  distance 579.28 shortcut 30.27
points(4, 61) (6, 51) (11, 11) (15, 11) (39, 74) (41, 17) (66, 69) (73, 48) (74, 61)  distance 421.32 shortcut 79.93
points(13, 21) (18, 56) (22, 22) (25, 8) (35, 32) (39, 49) (47, 51) (62, 67) (74, 42) (76, 19)  distance 392.21 shortcut 9.06
points(1, 12) (3, 6) (21, 41) (30, 64) (32, 46) (43, 1) (47, 76) (48, 75) (56, 58) (71, 26) (72, 49)  distance 532.60 shortcut 12.08
points(1, 52) (16, 38) (33, 1) (40, 27) (46, 58) (49, 73) (61, 44) (71, 43)  distance 261.73 shortcut 70.58
points(8, 8)  distance 0.00 shortcut 0.00
points(8, 34) (8, 44) (20, 8) (31, 40) (31, 78) (35, 35) (40, 15) (44, 18) (51, 68) (62, 4) (71, 50)  distance 437.28 shortcut 43.19
points(2, 61) (12, 65) (21, 21) (22, 20) (23, 28) (58, 52) (71, 30) (79, 21)  distance 286.95 shortcut 8.06
points(36, 75)  distance 0.00 shortcut 0.00
points(5, 11) (21, 14) (29, 75) (73, 34) (74, 63) (75, 7)  distance 217.70 shortcut 82.10
points(80, 80)  distance 0.00 shortcut 0.00
points(24, 34) (27, 9) (30, 73) (79, 62)  distance 200.04 shortcut 39.46
points(4, 35) (19, 76) (20, 20) (42, 37)  distance 137.72 shortcut 27.80
points(1, 36) (7, 7) (9, 59) (11, 60) (25, 20) (26, 55) (31, 18) (37, 24) (47, 17) (54, 30) (55, 35) (63, 23) (64, 33) (74, 37)  distance 491.52 shortcut 29.61
points(4, 75) (11, 42) (12, 15) (14, 60) (20, 1) (35, 64) (50, 21) (57, 67) (59, 29) (61, 68) (65, 51) (75, 60)  distance 566.69 shortcut 48.27
points(5, 60) (38, 38) (61, 40) (68, 52)  distance 100.49 shortcut 39.66
points(30, 26) (47, 67)  distance 44.38 shortcut 44.38
points(4, 59) (7, 22) (11, 42) (12, 14) (16, 25) (27, 70) (38, 72) (44, 18) (46, 15) (56, 24) (63, 76) (79, 50)  distance 580.74 shortcut 45.12
points(3, 12) (45, 40) (47, 66) (48, 79)  distance 176.44 shortcut 39.12
points(7, 34) (7, 69) (9, 27) (11, 8) (22, 22) (23, 67) (27, 66) (28, 45) (37, 61) (50, 20) (59, 34) (61, 73) (71, 58)  distance 404.32 shortcut 28.07
points distance 0.00 shortcut 53.85
points(1, 36) (10, 41) (15, 51) (23, 72) (27, 30) (34, 2) (44, 59) (50, 3) (51, 36) (51, 41) (51, 75) (52, 72) (64, 8)  distance 515.12 shortcut 74.09
points(1, 71) (31, 45) (35, 12) (41, 17) (43, 22) (54, 65) (57, 48) (63, 64) (73, 55)  distance 275.41 shortcut 62.39
points(8, 36) (17, 17) (37, 14) (39, 16) (39, 79) (46, 44) (51, 55) (71, 67)  distance 244.85 shortcut 39.62
points(4, 56) (18, 77) (32, 66) (55, 43) (67, 69)  distance 182.23 shortcut 25.24
points(21, 16) (28, 38) (46, 72) (73, 62) (76, 76)  distance 184.27 shortcut 30.27
points(2, 37) (5, 31) (7, 60) (18, 52) (37, 37) (41, 4) (43, 34) (49, 27) (52, 78)  distance 319.05 shortcut 33.24
points(9, 23) (10, 14) (13, 4) (17, 27) (38, 9) (50, 8) (54, 67) (55, 56) (64, 3) (70, 59)  distance 448.06 shortcut 49.98
points(3, 37) (46, 32) (51, 38) (63, 76) (74, 77)  distance 147.18 shortcut 48.01
points distance 0.00 shortcut 37.12
points(10, 51) (16, 62) (29, 32) (72, 19)  distance 173.07 shortcut 26.87
points(7, 77) (34, 37) (40, 41) (77, 78)  distance 126.05 shortcut 59.41
points(7, 7)  distance 0.00 shortcut 0.00
points(16, 72) (78, 13)  distance 85.59 shortcut 85.59
points(6, 61) (17, 51) (18, 70) (21, 57) (66, 64) (72, 25) (73, 75) (78, 2)  distance 456.41 shortcut 7.21
points(13, 76) (34, 24) (37, 48) (44, 1) (47, 41)  distance 138.17 shortcut 36.88
points(4, 43) (7, 80) (17, 66) (20, 17) (27, 9) (32, 31) (34, 28) (39, 22) (46, 46) (50, 13) (53, 54) (56, 24) (78, 49) (79, 22)  distance 542.62 shortcut 23.09
points(16, 49) (17, 1) (19, 25) (21, 46) (26, 36) (36, 14) (40, 28) (46, 20) (47, 6) (52, 34) (54, 65) (67, 31) (72, 55)  distance 451.46 shortcut 56.32
points(26, 9) (27, 27) (27, 57) (29, 35) (30, 29) (32, 11)  distance 109.07 shortcut 8.25
points(8, 7) (8, 38) (10, 27) (13, 79) (33, 79) (38, 58) (44, 45) (53, 6) (59, 76) (66, 56)  distance 458.83 shortcut 76.22
points distance 0.00 shortcut 85.62
points(9, 79) (11, 53) (36, 66) (41, 30) (53, 50) (57, 31) (59, 13) (60, 6) (67, 54) (70, 22) (77, 13)  distance 440.78 shortcut 50.99
points(3, 52) (5, 11) (8, 37) (19, 32) (26, 49) (26, 58) (37, 49) (38, 42) (44, 78) (60, 2) (68, 48) (71, 58)  distance 502.89 shortcut 12.08
points(9, 3) (12, 10) (22, 66) (25, 60) (28, 55) (29, 17) (32, 67) (37, 53) (42, 22) (55, 8) (58, 54) (76, 58)  distance 479.05 shortcut 54.20
points(21, 9) (24, 73) (29, 13) (40, 78) (54, 54)  distance 204.34 shortcut 48.02
points(2, 58) (4, 49) (5, 54) (17, 43) (21, 59) (27, 54) (30, 29) (60, 69) (68, 22) (68, 41)  distance 332.87 shortcut 64.50
points(10, 13) (14, 23) (15, 9) (49, 49) (62, 78) (65, 50)  distance 252.59 shortcut 52.50
points(6, 78) (18, 78) (20, 65) (24, 19) (25, 41) (31, 30) (31, 78) (41, 52) (46, 60) (51, 64) (61, 61) (64, 43) (65, 73) (77, 77)  distance 479.95 shortcut 25.00
points(5, 5) (21, 3) (24, 62)  distance 75.20 shortcut 60.08
points(9, 57) (21, 25) (33, 62) (38, 25) (45, 38) (45, 51) (54, 58) (55, 55) (66, 34) (75, 74)  distance 253.93 shortcut 45.34
points(38, 38)  distance 0.00 shortcut 0.00
points(30, 58) (49, 25)  distance 38.08 shortcut 38.08
points(18, 34) (30, 28) (33, 45) (34, 12) (57, 74) (67, 70) (68, 23)  distance 297.80 shortcut 27.20
points(5, 16) (9, 27) (17, 34) (25, 41) (28, 28) (38, 39) (39, 5) (40, 76) (41, 11) (54, 63) (66, 30) (72, 24)  distance 452.68 shortcut 14.87
points(4, 12) (13, 38) (19, 75) (24, 23) (30, 13) (31, 37) (32, 8) (39, 79) (46, 57)  distance 220.13 shortcut 28.28
points(22, 22) (35, 3) (46, 58) (53, 32) (57, 73) (63, 71) (64, 40) (72, 21) (76, 9)  distance 248.66 shortcut 43.27
points(17, 8) (17, 33) (23, 79) (24, 25) (30, 70) (32, 31) (34, 8) (56, 5) (64, 63) (79, 27) (80, 17)  distance 516.11 shortcut 56.57
points(16, 70) (36, 9) (40, 35) (52, 30) (55, 59) (59, 25) (61, 5) (65, 49) (65, 68) (75, 21) (78, 13)  distance 421.43 shortcut 21.47
points(1, 45) (9, 2) (22, 15) (31, 79) (44, 44) (54, 17) (54, 42) (61, 41) (72, 37) (76, 66)  distance 496.81 shortcut 28.86
points(1, 4) (22, 63) (30, 32) (41, 28) (51, 60) (55, 55) (56, 53) (63, 77) (64, 51) (67, 65) (71, 24) (73, 75) (79, 14) (80, 71)  distance 529.55 shortcut 6.40
points(4, 57) (7, 7) (11, 56) (24, 74) (27, 40) (39, 11) (42, 4) (57, 53) (59, 54) (80, 64)  distance 440.62 shortcut 50.09
points(6, 69) (24, 43) (32, 9) (34, 75) (36, 11) (41, 33) (42, 64) (47, 58) (59, 10) (60, 25) (65, 7) (71, 76) (77, 44) (79, 41)  distance 610.34 shortcut 53.01
points(5, 71) (13, 71) (22, 23) (30, 4) (63, 77) (74, 27) (75, 31) (76, 70)  distance 426.94 shortcut 4.12
points(61, 69)  distance 0.00 shortcut 0.00
points(3, 17) (30, 25) (36, 23) (42, 42) (47, 60)  distance 79.36 shortcut 61.52
points(52, 75) (53, 29)  distance 46.01 shortcut 46.01
points(13, 77) (38, 38) (50, 2) (65, 26) (78, 38)  distance 215.07 shortcut 29.55
points(33, 1) (53, 7) (56, 66) (64, 65) (77, 2)  distance 165.85 shortcut 20.88
points(14, 49) (16, 73) (26, 79) (36, 36) (38, 49) (45, 5) (52, 53) (53, 75) (62, 79) (77, 69) (79, 3) (80, 15)  distance 615.93 shortcut 42.54
points distance 0.00 shortcut 91.84
points distance 0.00 shortcut 91.84
points(17, 40) (18, 50) (35, 35) (47, 47) (63, 49) (74, 75)  distance 217.45 shortcut 22.67
points(17, 17) (23, 23) (24, 49) (27, 45) (33, 72) (34, 70) (47, 57) (55, 31) (57, 32) (57, 43) (58, 24) (63, 23) (63, 62) (80, 26)  distance 508.94 shortcut 42.72
points distance 0.00 shortcut 65.37
points(19, 58) (32, 48) (74, 63)  distance 71.63 shortcut 44.60
points(14, 39) (16, 55) (22, 37) (23, 70) (23, 76) (34, 40) (52, 78) (53, 72) (54, 35) (61, 40) (61, 69) (62, 35) (63, 29) (65, 31)  distance 384.00 shortcut 20.62
points(16, 51) (38, 55) (70, 47) (72, 72) (73, 59)  distance 95.04 shortcut 59.81
points(6, 6) (15, 27) (39, 70) (41, 42)  distance 100.16 shortcut 50.21
points(1, 52) (13, 19) (22, 47) (23, 46) (28, 68) (41, 80) (57, 16)  distance 280.52 shortcut 21.84
points(16, 72)  distance 0.00 shortcut 0.00
points(54, 74) (59, 73)  distance 5.10 shortcut 5.10
points(7, 15) (11, 19) (18, 47) (27, 51) (31, 65) (42, 14) (56, 31) (60, 26) (64, 36) (65, 36) (68, 11) (71, 35) (72, 53) (76, 26)  distance 461.49 shortcut 14.56
points(1, 18) (2, 12) (7, 41) (8, 63) (11, 6) (20, 24) (28, 26) (31, 32) (72, 48) (75, 59) (78, 17)  distance 451.82 shortcut 21.63
points(64, 64) (69, 75)  distance 12.08 shortcut 12.08
points(14, 13) (14, 53) (19, 64) (22, 67) (46, 46) (72, 72)  distance 202.67 shortcut 32.76
points(2, 11) (38, 12) (48, 16) (48, 57) (53, 65) (53, 79) (61, 61) (65, 38) (67, 32)  distance 277.71 shortcut 77.34
points(1, 18) (3, 68) (6, 74) (15, 63) (76, 70) (79, 79)  distance 293.57 shortcut 73.17
points(77, 75)  distance 0.00 shortcut 0.00
points(62, 78) (80, 80)  distance 18.11 shortcut 18.11
points(17, 29) (36, 42) (43, 43) (64, 15) (67, 2) (71, 78) (77, 26) (77, 38)  distance 297.24 shortcut 7.07
points(14, 14) (23, 20) (23, 31) (26, 57) (39, 12) (39, 29) (48, 63) (48, 80) (61, 42) (61, 70) (62, 25) (67, 11) (74, 59)  distance 422.78 shortcut 33.29
points(4, 54) (21, 77) (63, 47) (72, 77)  distance 162.03 shortcut 71.78
points(23, 10) (24, 61) (30, 63) (35, 48) (38, 14) (50, 58) (69, 70) (80, 19)  distance 302.95 shortcut 45.89
points(10, 44) (13, 3) (18, 6) (18, 80) (25, 80) (26, 9) (26, 58) (37, 37) (38, 27) (47, 70) (50, 50) (66, 1) (74, 40) (76, 70)  distance 595.02 shortcut 51.55
points(31, 31) (33, 55) (55, 45) (55, 54) (66, 41) (71, 50) (77, 33) (79, 50)  distance 191.33 shortcut 24.08
points distance 0.00 shortcut 64.14
points(3, 33) (6, 18) (22, 51) (26, 17) (26, 24) (28, 69) (38, 25) (49, 80) (61, 14) (62, 56) (73, 56) (78, 52)  distance 545.30 shortcut 41.63
points(6, 30) (17, 9) (19, 36) (19, 41) (30, 68) (37, 15) (64, 42) (64, 64) (68, 7)  distance 356.82 shortcut 34.23
points(1, 30) (9, 43) (11, 31) (12, 34) (17, 48) (31, 28) (36, 16) (56, 56) (76, 55)  distance 290.44 shortcut 37.54
points(17, 53) (25, 37) (31, 3) (38, 67) (68, 44)  distance 162.74 shortcut 43.57
points(11, 11) (16, 9) (16, 41) (25, 35) (35, 80) (40, 23) (41, 17) (50, 79) (59, 11) (60, 1) (60, 22) (74, 62)  distance 465.48 shortcut 31.38
points(3, 59) (9, 76) (13, 67) (16, 34) (18, 59) (37, 67) (57, 48) (66, 49) (66, 57) (68, 44)  distance 341.59 shortcut 30.68
points(12, 29) (12, 46) (21, 42) (24, 58) (28, 24) (35, 45) (48, 18) (59, 11) (60, 66) (66, 20) (75, 62) (78, 7) (80, 56)  distance 517.23 shortcut 51.62
points(4, 69) (8, 8) (9, 2) (9, 73) (14, 16) (17, 43) (19, 53) (22, 8) (26, 21) (33, 77) (52, 63) (56, 32) (61, 57) (78, 60) (80, 61)  distance 642.02 shortcut 22.20
points(16, 41) (23, 32) (45, 17)  distance 64.27 shortcut 11.40
points(20, 34) (22, 73) (49, 23) (54, 80)  distance 127.29 shortcut 32.76
points(1, 58) (7, 66) (14, 16) (14, 46) (32, 73) (39, 43) (50, 4) (57, 62) (69, 69) (70, 18) (72, 18) (76, 47)  distance 456.73 shortcut 37.22
points(6, 63) (16, 13) (28, 44) (36, 62) (78, 61)  distance 179.51 shortcut 33.24
points(1, 3) (3, 51) (10, 65) (12, 18) (23, 52) (39, 69) (52, 47) (74, 79)  distance 332.60 shortcut 62.65
points(44, 44) (77, 50)  distance 33.54 shortcut 33.54
points(1, 67) (9, 78) (12, 56) (17, 7) (44, 72) (50, 50) (79, 10)  distance 337.97 shortcut 49.41
points(6, 73) (9, 11) (20, 55) (34, 62) (39, 60) (42, 2) (45, 72) (50, 8) (57, 24)  distance 326.36 shortcut 56.80
points(5, 5) (22, 29) (23, 26) (26, 40) (31, 28) (62, 47) (68, 73)  distance 183.61 shortcut 27.66
points(43, 4) (49, 68) (77, 77)  distance 93.69 shortcut 80.53
points(2, 51) (7, 53) (18, 1) (20, 3) (21, 4) (27, 10) (30, 50) (49, 19) (49, 50) (53, 33) (54, 65) (63, 63) (64, 43) (69, 40)  distance 525.21 shortcut 48.05
points(4, 67) (9, 15) (11, 72) (22, 3) (26, 69) (40, 59) (41, 40) (53, 60) (68, 43) (74, 37) (77, 26)  distance 446.00 shortcut 13.04
points(15, 64) (33, 48) (41, 54) (53, 20) (79, 79)  distance 134.61 shortcut 65.73
points(34, 37) (40, 40) (60, 21) (77, 19)  distance 90.19 shortcut 6.71
points(1, 63) (35, 47) (54, 13) (77, 8) (77, 77)  distance 169.06 shortcut 77.28
points(6, 51) (11, 31) (24, 60) (30, 30) (40, 25) (50, 64) (66, 63) (69, 36) (71, 18) (77, 2)  distance 407.60 shortcut 19.03
points(7, 24) (20, 36) (23, 80) (28, 19) (30, 77) (37, 72) (38, 76) (54, 61) (59, 22) (62, 29) (69, 67) (79, 48)  distance 435.58 shortcut 47.80
points(10, 24) (24, 80) (27, 61) (42, 11) (62, 3) (65, 68)  distance 230.44 shortcut 61.47
points(1, 49) (12, 38) (13, 7) (18, 18) (18, 43) (18, 75) (23, 38) (52, 6) (65, 31) (77, 5)  distance 382.19 shortcut 20.88
points distance 0.00 shortcut 39.85
points(5, 60) (6, 37) (17, 10) (33, 14) (35, 52) (36, 5) (36, 73) (58, 68) (65, 25) (72, 72)  distance 498.65 shortcut 42.06
points(4, 52) (78, 17)  distance 81.86 shortcut 81.86
points(26, 18) (38, 38)  distance 23.32 shortcut 23.32
points(33, 39) (49, 57) (76, 76)  distance 57.10 shortcut 56.73
points(4, 7) (19, 49) (28, 28) (39, 58) (54, 56) (58, 79) (61, 55) (70, 31) (72, 55) (74, 15) (75, 59) (80, 28)  distance 512.97 shortcut 42.11
points(4, 44) (21, 21) (22, 3) (24, 14) (26, 22) (33, 21) (36, 12) (57, 62) (71, 12)  distance 264.60 shortcut 17.49
points distance 0.00 shortcut 37.95
points(10, 51) (24, 51) (29, 46) (30, 70) (43, 18) (66, 64)  distance 214.34 shortcut 14.00
points(14, 73) (39, 31)  distance 48.88 shortcut 48.88
points(13, 39) (19, 31) (26, 55) (32, 76) (47, 20) (67, 49)  distance 174.42 shortcut 35.23
points(5, 25) (27, 27)  distance 22.09 shortcut 22.09
points(12, 39) (21, 46) (30, 1) (38, 56) (51, 34) (51, 65) (55, 21) (74, 60)  distance 287.49 shortcut 32.02
points(2, 73) (3, 75) (23, 71) (28, 62) (50, 7) (65, 22) (76, 80) (78, 79)  distance 477.14 shortcut 21.10
points(6, 3) (9, 30) (14, 48) (19, 70) (40, 37) (41, 39) (45, 38) (69, 3) (71, 66) (72, 32)  distance 419.17 shortcut 63.03
points(1, 73) (3, 23) (18, 15) (20, 15) (21, 1) (27, 31) (27, 56) (41, 73) (53, 30) (59, 34) (63, 59) (65, 13) (73, 62)  distance 429.03 shortcut 67.48
points(1, 68) (4, 10) (5, 19) (21, 19) (26, 5) (28, 51) (37, 76) (52, 6) (53, 1) (71, 71) (73, 58) (74, 34) (76, 63) (77, 46)  distance 562.11 shortcut 9.43
points(9, 18) (18, 21) (40, 34)  distance 44.37 shortcut 25.55
points(7, 62) (25, 25) (34, 80) (39, 31) (48, 11)  distance 200.33 shortcut 41.15
points(47, 21) (51, 20)  distance 4.12 shortcut 4.12
points(11, 32) (19, 8) (19, 24) (19, 61) (25, 20) (27, 52) (34, 21) (62, 13) (69, 42) (72, 77) (73, 51) (75, 66)  distance 610.84 shortcut 9.06
points(5, 32) (9, 61) (16, 72) (22, 53) (23, 71) (24, 68) (40, 79) (41, 7) (49, 54) (56, 56) (61, 52) (65, 52) (66, 9) (72, 72)  distance 542.56 shortcut 47.27
points(18, 68) (26, 37) (27, 13) (40, 77) (41, 6) (41, 35) (51, 18) (69, 69) (70, 79)  distance 393.69 shortcut 53.60
points(10, 47) (19, 23) (34, 11) (36, 25) (48, 52)  distance 124.11 shortcut 34.06
points(75, 75)  distance 0.00 shortcut 0.00
points(18, 25) (27, 60) (43, 5) (45, 13) (61, 25)  distance 182.62 shortcut 20.00
points(17, 66) (26, 14) (42, 29) (43, 16) (47, 76) (47, 76) (55, 8) (68, 8) (74, 71) (78, 78)  distance 565.98 shortcut 71.20
points(1, 53) (6, 1) (14, 41) (27, 27) (35, 15) (42, 32) (53, 39) (59, 14) (73, 62)  distance 326.39 shortcut 57.80
points(1, 40) (5, 57) (24, 42) (59, 7) (80, 56)  distance 218.13 shortcut 24.21
points(6, 70) (30, 52) (31, 2) (80, 76)  distance 193.00 shortcut 50.01
points(1, 72) (3, 13) (5, 5) (15, 75) (24, 70) (27, 76) (29, 5) (44, 56) (57, 4) (63, 52) (75, 2) (78, 9)  distance 611.30 shortcut 6.71
points(1, 54) (10, 8) (66, 66)  distance 112.97 shortcut 80.62
points(4, 13) (12, 8) (22, 2) (25, 75) (39, 39) (49, 25) (56, 67) (57, 63) (79, 61)  distance 440.60 shortcut 30.00
points(31, 73) (64, 63)  distance 34.48 shortcut 34.48
points(56, 59) (57, 78) (68, 71) (76, 80)  distance 44.11 shortcut 29.00
points(1, 11) (5, 71) (33, 26) (56, 68) (68, 57)  distance 183.83 shortcut 64.54
points(67, 67)  distance 0.00 shortcut 0.00
points(12, 66) (23, 58) (42, 33) (43, 43) (57, 65) (58, 63) (60, 56) (62, 61)  distance 235.79 shortcut 25.00
points(1, 7) (15, 78) (21, 3) (29, 11) (39, 5) (55, 18) (70, 37) (75, 63) (80, 13)  distance 377.77 shortcut 80.72
points(14, 49) (22, 52) (76, 66) (77, 7) (79, 28)  distance 270.87 shortcut 38.12
points(4, 53) (35, 35) (66, 39) (79, 17)  distance 144.59 shortcut 31.26
points(46, 1) (51, 41)  distance 40.31 shortcut 40.31
points(4, 4) (25, 68) (30, 34) (32, 32) (34, 78) (39, 62)  distance 140.49 shortcut 36.67
points(23, 4) (59, 76) (67, 24) (70, 15)  distance 190.81 shortcut 9.49
points(4, 6) (5, 26) (9, 18) (23, 67) (29, 65) (31, 34) (39, 54) (46, 20) (48, 46) (52, 53) (56, 39) (60, 60) (61, 26) (65, 3)  distance 535.03 shortcut 21.84
points distance 0.00 shortcut 66.61
points(3, 34) (8, 72) (18, 38) (33, 63) (56, 56) (69, 14)  distance 225.88 shortcut 43.97
points(11, 28) (18, 69) (19, 13) (21, 78) (25, 78) (33, 58) (44, 48) (47, 68) (53, 18) (60, 12) (61, 2) (65, 58) (72, 47) (73, 54)  distance 553.54 shortcut 8.94
points(2, 13) (10, 24) (13, 47) (16, 47) (17, 15) (20, 23) (25, 28) (27, 30) (35, 33) (53, 7) (56, 51) (57, 62) (60, 7) (67, 10)  distance 393.59 shortcut 27.66
points(1, 47) (13, 51) (19, 38) (25, 42) (33, 32) (42, 77) (53, 23) (53, 30) (57, 25) (67, 71) (79, 27) (80, 25)  distance 533.13 shortcut 30.46
points(13, 34) (29, 1) (31, 52) (52, 50) (53, 27) (55, 54) (60, 70) (70, 70) (75, 28) (80, 36)  distance 311.60 shortcut 42.30
points(13, 30) (14, 72) (19, 7) (19, 20) (23, 26) (33, 10) (48, 72) (61, 44) (61, 55) (61, 65) (65, 63) (68, 38) (78, 19)  distance 591.89 shortcut 52.20
points(25, 25)  distance 0.00 shortcut 0.00
points(2, 10) (3, 75) (4, 43) (8, 23) (26, 5) (26, 52) (27, 18) (28, 26) (45, 14) (55, 56) (66, 78) (78, 70)  distance 503.78 shortcut 73.68
points(26, 13) (35, 13) (42, 67) (46, 22) (46, 80) (48, 31) (49, 12) (57, 76) (69, 67) (71, 2)  distance 436.42 shortcut 9.22
points(6, 3) (7, 61) (13, 13) (20, 3) (32, 17) (39, 9) (58, 12) (59, 27) (61, 52) (62, 31) (67, 45)  distance 463.40 shortcut 12.21
points(4, 40) (10, 10) (12, 71) (20, 10) (20, 64) (25, 47) (31, 17) (33, 36) (36, 50) (42, 11) (53, 30) (65, 56)  distance 360.95 shortcut 71.70
points(4, 80) (9, 62) (11, 19) (22, 50) (29, 60) (39, 65) (46, 48) (64, 54) (65, 27) (67, 54) (72, 75)  distance 357.14 shortcut 66.04
points(7, 37) (32, 15) (37, 72) (50, 6) (53, 48) (75, 24)  distance 204.93 shortcut 30.81
points(2, 77) (9, 1) (17, 53) (22, 4) (23, 9) (41, 56) (49, 60) (53, 23) (65, 3) (65, 65) (65, 80) (67, 76)  distance 592.72 shortcut 62.00
points(1, 44) (6, 62) (7, 64) (37, 60) (44, 3) (47, 22) (55, 78) (64, 51) (72, 30) (78, 13)  distance 420.51 shortcut 39.40
points(5, 62) (11, 6) (17, 28) (28, 71) (49, 7) (55, 55) (56, 13) (65, 69) (72, 59)  distance 417.92 shortcut 67.36
points(13, 13) (18, 59) (20, 79) (24, 76) (34, 79) (37, 1) (42, 15) (57, 4) (74, 39)  distance 365.28 shortcut 44.91
points(1, 69) (18, 42) (30, 48) (40, 26) (49, 67) (50, 36) (58, 58) (59, 28) (59, 63) (67, 2) (77, 26)  distance 326.49 shortcut 37.22
points(1, 75) (4, 68) (12, 80) (46, 78) (63, 36) (72, 72) (78, 2)  distance 303.91 shortcut 70.26
points(16, 51) (26, 54) (60, 60) (63, 74) (65, 43) (66, 24)  distance 177.90 shortcut 14.32
points(1, 26) (3, 72) (20, 35) (27, 2) (28, 60) (58, 6) (59, 31) (75, 14) (75, 70)  distance 407.99 shortcut 74.00
points(2, 67) (5, 18) (5, 37) (16, 59) (23, 33) (38, 63) (40, 52) (47, 51) (47, 68) (66, 13) (67, 77) (71, 5) (72, 55)  distance 606.66 shortcut 23.43
points(7, 56) (16, 10) (23, 39) (26, 59) (29, 3) (41, 33) (43, 42) (56, 22)  distance 252.32 shortcut 30.02
points(57, 57)  distance 0.00 shortcut 0.00
points(32, 33) (65, 16) (67, 54)  distance 78.87 shortcut 37.12
points(14, 11) (18, 69) (31, 36) (31, 38) (32, 61) (49, 18) (68, 11) (68, 43) (73, 10)  distance 242.54 shortcut 30.23
points(7, 54) (19, 30) (36, 73) (43, 34) (45, 59) (47, 61) (70, 60) (73, 61) (79, 71)  distance 298.21 shortcut 39.62
points(55, 53) (75, 75)  distance 29.73 shortcut 29.73
points(3, 22) (12, 68) (22, 35) (32, 16) (35, 67) (36, 50) (40, 37) (45, 60) (59, 9) (62, 44) (73, 26) (75, 57)  distance 442.89 shortcut 30.41
points(4, 51) (11, 28) (13, 26) (25, 12) (33, 12) (37, 60) (40, 49) (52, 66) (61, 45) (68, 27) (74, 68)  distance 405.86 shortcut 68.35
points(28, 30) (41, 34) (41, 41) (51, 22)  distance 46.97 shortcut 17.03
points(10, 6) (13, 50) (13, 56) (23, 52) (35, 9) (37, 57) (39, 72) (45, 30) (55, 72) (62, 35) (64, 3) (65, 31) (66, 74) (67, 78)  distance 597.77 shortcut 54.08
points(14, 61) (27, 2) (59, 33) (64, 69) (68, 68)  distance 195.77 shortcut 4.12
points(7, 55) (39, 62) (40, 43) (40, 78) (43, 16) (43, 43) (47, 33)  distance 206.18 shortcut 19.42
points distance 0.00 shortcut 73.25
points(6, 22) (8, 32) (10, 57) (56, 40) (77, 12)  distance 204.63 shortcut 71.84
points(2, 53) (6, 2) (7, 77) (44, 1) (80, 80)  distance 252.92 shortcut 82.54
points(2, 2) (8, 53) (16, 70) (20, 30) (23, 79) (45, 15) (49, 63) (73, 21) (73, 64)  distance 379.31 shortcut 73.50
points distance 0.00 shortcut 75.96
points(72, 61) (74, 74)  distance 13.15 shortcut 13.15
points(29, 50) (31, 5) (34, 4) (46, 6) (51, 50) (57, 19) (57, 38) (72, 50)  distance 179.57 shortcut 42.01
points(7, 29) (10, 46) (10, 48) (11, 14) (27, 19) (33, 55) (34, 46) (66, 14) (75, 75)  distance 300.45 shortcut 46.52
points(10, 32) (26, 66) (40, 32) (71, 71) (74, 60) (78, 31)  distance 230.10 shortcut 45.28
points(19, 68) (30, 9) (48, 22) (69, 28)  distance 146.25 shortcut 21.84
points(1, 4) (8, 45) (20, 77) (22, 55) (24, 3) (26, 26) (45, 63) (62, 61) (68, 22) (72, 63) (77, 62) (80, 30)  distance 659.30 shortcut 51.35
points distance 0.00 shortcut 79.56
points(19, 70) (39, 72) (67, 22) (71, 71) (74, 20)  distance 200.90 shortcut 51.09
points(14, 16) (27, 77) (48, 30) (70, 69) (71, 48) (73, 61) (74, 50)  distance 240.92 shortcut 65.37
points(23, 77) (27, 72) (28, 9) (38, 50) (48, 70) (51, 79) (55, 45) (58, 59) (69, 69) (73, 26)  distance 332.59 shortcut 72.67
points(23, 23) (58, 58) (75, 59)  distance 80.27 shortcut 49.50
points(5, 19) (13, 74) (19, 7) (41, 21) (41, 47) (48, 15) (52, 12) (68, 22) (79, 27)  distance 318.85 shortcut 30.08
points(16, 71) (44, 25) (44, 44) (50, 15) (55, 17) (60, 8) (61, 38) (63, 26) (76, 8) (79, 70)  distance 326.59 shortcut 43.60
points(1, 67) (9, 55) (16, 79) (17, 39) (67, 62)  distance 149.28 shortcut 32.25
points(1, 80) (19, 75) (22, 25) (59, 18) (61, 36) (64, 26)  distance 283.80 shortcut 37.66
points(13, 51) (43, 56) (70, 42) (75, 13)  distance 132.56 shortcut 30.41
points(25, 19) (72, 10)  distance 47.85 shortcut 47.85
points(6, 11) (6, 65) (6, 70) (7, 14) (9, 28) (16, 16) (18, 4) (43, 47) (46, 5) (62, 52) (68, 23) (73, 7) (77, 35)  distance 582.61 shortcut 34.66
points(13, 56) (20, 60) (22, 34) (25, 44) (35, 5) (49, 56) (64, 64) (72, 70)  distance 251.75 shortcut 51.61
points(16, 26) (66, 66) (71, 4)  distance 123.27 shortcut 62.20
points(3, 7) (4, 32) (11, 17) (12, 42) (18, 68) (26, 75) (35, 35) (47, 27) (62, 61) (63, 3) (63, 63) (67, 23) (72, 6)  distance 565.06 shortcut 37.48
points(17, 17) (18, 63) (32, 72) (46, 78) (59, 66)  distance 120.67 shortcut 64.54
points(6, 79) (16, 16) (61, 74) (64, 70)  distance 124.02 shortcut 72.25
points(32, 32) (33, 60) (35, 39) (51, 24) (52, 68) (53, 22) (54, 18) (65, 68) (71, 63)  distance 162.95 shortcut 7.62
points(1, 63) (13, 62) (17, 67) (27, 28) (28, 29) (29, 80) (45, 29) (45, 50) (53, 62) (57, 71) (59, 69) (60, 65) (73, 73) (79, 47)  distance 477.75 shortcut 56.32
points(15, 39) (15, 75) (15, 80) (17, 73) (21, 34) (28, 59) (47, 15) (53, 55) (54, 29) (55, 2)  distance 306.10 shortcut 38.28
points(2, 66) (11, 15) (34, 48)  distance 76.94 shortcut 51.79
points(19, 19) (19, 53)  distance 34.00 shortcut 34.00
points(2, 72) (21, 17) (25, 38) (25, 52) (33, 8) (35, 5) (41, 20) (54, 43) (62, 72) (63, 31) (80, 80)  distance 384.54 shortcut 61.72
points(3, 27) (11, 21) (59, 59)  distance 71.22 shortcut 64.50
points(18, 66) (61, 70) (64, 64)  distance 89.23 shortcut 6.71
points(17, 38) (19, 77) (30, 13) (47, 6) (50, 19) (52, 79) (60, 49) (61, 49) (62, 24) (64, 60) (65, 39) (69, 78) (72, 74)  distance 424.84 shortcut 59.67
points(8, 68) (10, 75) (38, 1) (52, 21) (68, 48) (71, 29)  distance 259.53 shortcut 73.41
points(49, 49) (54, 1) (66, 69)  distance 117.31 shortcut 26.25
points(5, 77) (27, 37) (34, 34)  distance 97.52 shortcut 7.62
points(12, 7) (12, 29) (17, 29) (27, 31) (30, 55) (35, 51) (68, 9) (70, 64)  distance 255.60 shortcut 15.13
points(6, 64) (16, 42) (20, 68) (27, 9) (28, 14) (35, 1) (50, 66) (72, 42)  distance 415.11 shortcut 30.46
points(1, 1) (15, 39) (16, 20) (41, 42) (47, 23) (58, 76) (73, 35) (79, 36)  distance 311.11 shortcut 40.50
points(1, 34) (3, 6) (9, 62) (21, 22) (21, 41) (22, 10) (28, 35) (53, 69) (60, 22) (78, 68)  distance 413.99 shortcut 29.12
points(2, 71) (4, 70) (11, 11) (14, 2) (17, 44) (29, 19) (51, 62) (64, 55) (74, 22) (80, 3)  distance 487.76 shortcut 19.70
points(7, 7) (19, 37) (25, 65) (27, 72) (32, 33) (38, 27) (39, 54) (46, 6) (66, 35) (66, 74) (70, 12) (75, 19)  distance 430.59 shortcut 71.51
points(10, 72) (11, 66) (16, 75) (30, 33) (72, 22) (75, 3)  distance 264.10 shortcut 19.24
points(5, 13) (8, 20) (18, 70) (24, 42) (32, 47) (36, 12) (44, 48) (46, 66) (53, 43)  distance 305.93 shortcut 18.11
points(9, 69) (13, 31) (18, 73) (24, 7) (30, 2) (32, 7) (48, 33) (60, 52) (66, 57) (69, 12) (72, 79) (73, 56) (80, 41)  distance 500.06 shortcut 86.53
points(20, 34) (23, 56) (40, 75) (46, 15) (48, 64) (52, 72) (53, 53) (54, 49) (61, 8) (69, 21) (80, 30)  distance 503.09 shortcut 30.15
points(4, 20) (17, 43) (29, 30) (35, 17) (47, 70) (51, 25) (62, 16) (65, 65) (72, 21) (74, 16)  distance 322.65 shortcut 44.55
points(28, 20) (31, 23) (31, 31) (42, 63) (44, 61) (61, 54) (63, 69) (72, 48)  distance 183.37 shortcut 11.40
points(16, 16) (16, 16) (33, 59) (40, 14) (48, 72) (50, 17) (66, 2) (67, 77)  distance 382.58 shortcut 64.50
points(3, 41) (13, 13) (14, 21) (60, 15) (73, 39) (76, 27) (77, 44)  distance 270.90 shortcut 29.73
points(2, 42) (8, 16) (13, 72) (17, 68) (27, 62) (34, 36) (40, 13) (59, 26) (59, 79) (76, 77)  distance 450.51 shortcut 26.68
points(29, 3) (44, 57) (69, 69)  distance 133.22 shortcut 27.73
points(1, 61) (10, 23) (12, 51) (13, 13) (25, 36) (32, 26) (36, 40) (58, 26) (60, 32) (78, 12)  distance 387.89 shortcut 50.70
points(29, 29)  distance 0.00 shortcut 0.00
points(7, 33) (11, 17) (30, 56) (39, 45) (43, 39) (58, 52) (70, 41) (72, 71)  distance 253.38 shortcut 43.19
points(9, 32) (55, 79)  distance 65.76 shortcut 65.76
points(12, 19) (30, 52) (38, 62) (60, 19) (62, 8) (71, 5)  distance 223.55 shortcut 50.25
points(13, 13)  distance 0.00 shortcut 0.00
points(19, 15) (34, 6) (40, 40)  distance 52.02 shortcut 32.65
points(2, 15) (29, 28) (29, 55) (33, 16) (36, 34) (45, 27) (57, 39) (69, 14) (71, 32)  distance 260.35 shortcut 47.89
points distance 0.00 shortcut 77.88
points(2, 39) (3, 39) (31, 43) (33, 26) (63, 63) (75, 31)  distance 164.82 shortcut 65.55
points(1, 55) (10, 59) (16, 46) (61, 25)  distance 77.00 shortcut 61.29
points(32, 45) (63, 57)  distance 33.24 shortcut 33.24
points distance 0.00 shortcut 84.96
points(14, 41) (14, 71) (19, 14) (26, 63) (38, 47) (44, 56) (54, 30) (63, 4) (63, 68) (80, 74)  distance 296.24 shortcut 27.86
points(4, 2) (4, 40) (16, 16) (36, 43) (52, 57) (54, 66) (63, 33) (64, 22) (66, 17) (68, 66) (78, 14)  distance 515.27 shortcut 48.37
points(9, 32) (10, 73) (10, 78) (28, 44) (30, 65) (31, 55) (42, 25) (43, 44) (49, 41) (57, 7) (61, 34) (68, 13) (71, 25)  distance 531.88 shortcut 27.66
points(1, 44) (6, 25) (29, 33) (30, 69) (54, 62) (59, 22) (62, 32) (62, 58) (74, 54)  distance 392.62 shortcut 38.29
points(1, 38) (22, 3) (29, 10) (32, 65) (53, 48) (54, 3)  distance 236.21 shortcut 55.08
points(14, 21) (23, 56) (28, 28) (29, 32) (33, 49) (40, 66) (41, 66) (46, 22) (49, 20) (66, 51)  distance 220.80 shortcut 40.16
points(2, 8) (15, 71) (22, 27) (45, 62) (64, 4) (71, 79) (76, 14)  distance 366.06 shortcut 62.13
points(1, 22) (21, 21) (31, 39) (32, 50) (43, 8) (48, 48) (50, 75) (64, 64) (68, 78)  distance 286.15 shortcut 22.63
points(9, 7) (21, 21) (22, 55) (52, 22) (74, 8)  distance 189.16 shortcut 54.57
points distance 0.00 shortcut 74.43
points(10, 74) (13, 29) (72, 2) (72, 67)  distance 172.49 shortcut 64.88
points distance 0.00 shortcut 72.03
points(13, 73) (63, 26) (67, 71)  distance 113.80 shortcut 54.04
points(20, 41) (49, 28) (49, 70) (49, 79) (56, 47) (79, 18)  distance 240.27 shortcut 36.50
points(56, 31) (68, 9)  distance 25.06 shortcut 25.06
points(12, 63) (29, 44) (29, 54) (31, 19) (38, 69) (46, 29) (47, 27) (50, 20) (61, 31) (61, 69) (66, 49) (69, 41) (78, 77)  distance 370.78 shortcut 50.22
points distance 0.00 shortcut 53.85
points(6, 28) (13, 69) (17, 63) (18, 29) (21, 35) (26, 5) (27, 12) (28, 35) (33, 71) (43, 58) (49, 46) (55, 6)  distance 385.80 shortcut 19.24
points(9, 49) (16, 47) (33, 39) (42, 76) (60, 64) (63, 59) (76, 61)  distance 243.51 shortcut 53.16
points(4, 32) (12, 12) (44, 24) (58, 73) (61, 16) (78, 53)  distance 298.29 shortcut 34.18
points(37, 65) (47, 69) (52, 52) (59, 12) (67, 64) (75, 26) (80, 33)  distance 223.75 shortcut 34.71
points(13, 60) (52, 70) (80, 37)  distance 111.10 shortcut 43.28
points(2, 60) (33, 40) (43, 15) (50, 21) (57, 27) (58, 66) (64, 39) (65, 17) (70, 69) (73, 31) (80, 80)  distance 400.74 shortcut 80.52
points distance 0.00 shortcut 60.03
points(3, 64) (13, 67) (13, 71) (15, 14) (48, 24) (58, 59)  distance 227.47 shortcut 62.24
points(29, 40) (30, 30) (65, 44) (70, 45)  distance 115.22 shortcut 42.72
points(3, 3) (6, 73) (16, 15) (18, 48) (22, 40) (29, 32) (50, 14) (52, 38) (60, 13) (66, 54) (70, 57) (71, 17) (71, 58) (79, 42)  distance 679.51 shortcut 86.05
points distance 0.00 shortcut 90.27
points(3, 23) (5, 28) (6, 6) (33, 63)  distance 118.46 shortcut 22.02
points(2, 73) (17, 1) (17, 46) (19, 61) (20, 14) (24, 39) (26, 21) (43, 32) (48, 28) (58, 69) (60, 4) (60, 38) (61, 24) (76, 65)  distance 577.97 shortcut 46.67
points(7, 45) (25, 43) (32, 58) (48, 9) (64, 77) (68, 48)  distance 188.26 shortcut 54.56
points distance 0.00 shortcut 48.84
points(20, 20) (24, 44) (46, 35) (70, 4) (72, 25) (79, 66)  distance 277.90 shortcut 30.02
points(10, 55) (13, 77) (20, 51) (29, 77) (34, 37) (35, 30) (54, 45) (59, 19) (68, 58) (80, 43)  distance 394.19 shortcut 27.51
points distance 0.00 shortcut 54.78
points(7, 29) (16, 18) (18, 45) (28, 27) (38, 55) (46, 74) (48, 48) (64, 25) (72, 28) (74, 70)  distance 344.54 shortcut 29.00
points(2, 6) (33, 77) (49, 49) (49, 73)  distance 183.31 shortcut 32.25
points(1, 9) (18, 45) (25, 25) (30, 68) (37, 24) (50, 50) (53, 41)  distance 175.15 shortcut 28.84
points(9, 9)  distance 0.00 shortcut 0.00
points(20, 29) (21, 35) (21, 69) (31, 31) (47, 72) (54, 22) (72, 22) (77, 61)  distance 286.00 shortcut 10.77
points(4, 22) (13, 78) (24, 50) (53, 1) (62, 12) (69, 10) (70, 16)  distance 214.21 shortcut 88.09
points(12, 42) (30, 17) (36, 41) (63, 56) (73, 16)  distance 128.73 shortcut 41.23
points(2, 52) (18, 57) (20, 20) (21, 70) (43, 71) (57, 56)  distance 145.20 shortcut 36.72
points distance 0.00 shortcut 52.04
points(9, 75) (28, 24) (46, 5) (47, 61) (50, 38) (52, 29) (53, 13) (57, 79) (61, 52) (76, 67) (79, 34)  distance 419.85 shortcut 27.29
points(2, 46) (5, 76) (11, 77) (13, 56) (14, 13) (34, 45) (62, 6) (62, 16) (65, 3)  distance 373.25 shortcut 21.54
points(10, 50) (13, 76) (17, 40) (38, 70) (39, 78) (43, 48) (43, 61) (49, 2) (60, 68) (64, 10) (71, 46) (73, 30) (74, 16)  distance 616.06 shortcut 16.12
points(5, 5) (7, 21) (71, 74)  distance 99.22 shortcut 95.48
points(7, 18) (15, 8) (22, 9) (33, 33) (34, 5) (38, 19) (38, 78) (55, 15) (65, 66) (71, 1) (72, 74) (74, 22) (75, 8)  distance 526.54 shortcut 45.97
points distance 0.00 shortcut 92.63
points(16, 42) (19, 7) (25, 29) (32, 77) (35, 30) (35, 69) (42, 46) (50, 50) (54, 53) (55, 18) (56, 68) (70, 64) (74, 45)  distance 432.22 shortcut 41.79
points(1, 23) (13, 24) (15, 2) (27, 53) (30, 52) (33, 76) (35, 64) (38, 49) (46, 46) (54, 15) (56, 20) (59, 42) (74, 14) (79, 63)  distance 584.42 shortcut 42.52
points(40, 30) (41, 13) (58, 8) (62, 58) (72, 58)  distance 128.61 shortcut 28.43
points(3, 8) (3, 40) (5, 17) (7, 7) (8, 26) (14, 22) (19, 63) (36, 7) (54, 5) (68, 43) (74, 26)  distance 432.34 shortcut 70.83
points(10, 10) (31, 79) (32, 19) (56, 56) (74, 66) (75, 19)  distance 283.65 shortcut 65.62
points(3, 30) (14, 56) (38, 67) (46, 56) (54, 79) (55, 62) (56, 28) (60, 74) (62, 14) (64, 64)  distance 367.84 shortcut 18.03
points(33, 49) (51, 14) (65, 44) (71, 71) (76, 41) (79, 26)  distance 158.85 shortcut 60.41
points(5, 39) (21, 18) (33, 21) (42, 58) (45, 72) (64, 36) (66, 29)  distance 229.99 shortcut 34.44
points(5, 50) (51, 57) (58, 28) (60, 60) (62, 60)  distance 154.52 shortcut 2.00
points(2, 53) (14, 14) (40, 65) (53, 73) (73, 57) (77, 20)  distance 288.83 shortcut 63.29
points(7, 38) (13, 10) (14, 50) (15, 28) (18, 77) (26, 5) (36, 28) (37, 16) (51, 23) (53, 42) (57, 42) (61, 13) (65, 41) (69, 59)  distance 501.80 shortcut 45.80
points(9, 70) (23, 57) (37, 1) (42, 42) (68, 53) (73, 16)  distance 183.90 shortcut 41.30
points(10, 54) (12, 16) (13, 48) (29, 54) (31, 33) (42, 36) (43, 9) (58, 43) (74, 74)  distance 224.93 shortcut 66.31
points(7, 37) (22, 11) (25, 33) (31, 63) (37, 47) (38, 36) (46, 64) (62, 15) (64, 11) (66, 18) (72, 78) (76, 31)  distance 579.38 shortcut 5.00
points distance 0.00 shortcut 63.79
points(16, 50) (22, 52) (29, 47) (38, 36) (41, 21) (49, 33) (51, 77) (57, 45) (57, 79) (62, 22) (65, 72) (72, 72)  distance 334.98 shortcut 50.99
points(3, 24) (4, 32) (22, 42) (22, 51) (24, 51) (33, 78) (37, 11) (49, 17) (62, 26) (65, 53) (71, 22) (75, 39) (77, 39)  distance 391.74 shortcut 19.85
points(38, 38) (40, 78) (53, 47)  distance 73.67 shortcut 17.49
points(8, 53) (55, 40) (61, 6) (62, 62) (65, 58)  distance 168.34 shortcut 54.74
points distance 0.00 shortcut 53.60
points(34, 1) (42, 12) (43, 22) (53, 40) (73, 44)  distance 103.73 shortcut 20.40
points(14, 60) (37, 27) (37, 54) (38, 70) (43, 39) (45, 21) (48, 43) (49, 27) (51, 51) (63, 65)  distance 210.63 shortcut 18.44
points(6, 11) (7, 70) (11, 74) (16, 58) (36, 29) (53, 69) (65, 5) (68, 57) (74, 15)  distance 363.76 shortcut 40.50
points(1, 38) (9, 43) (12, 30) (17, 52) (30, 36) (44, 10) (48, 34) (52, 11) (55, 44) (58, 57) (63, 28) (64, 26) (70, 70) (71, 64)  distance 418.06 shortcut 44.41
points(3, 8) (21, 25) (23, 23) (45, 60)  distance 94.43 shortcut 43.05
points(20, 17) (25, 25) (28, 16) (34, 19) (48, 39) (61, 44) (67, 8) (68, 61) (71, 30) (76, 70) (77, 42)  distance 301.13 shortcut 56.08
points(3, 55) (7, 76) (14, 62) (32, 48) (33, 26) (37, 57) (57, 57) (58, 59) (58, 67) (66, 40) (80, 57)  distance 434.63 shortcut 26.57
points(8, 30) (28, 43) (35, 23) (42, 2) (58, 17) (63, 66) (70, 66) (72, 22) (76, 5)  distance 340.12 shortcut 39.70
points(2, 34) (6, 23) (16, 3) (17, 43) (26, 7) (27, 39) (31, 59) (45, 12) (49, 62) (57, 39) (62, 8) (70, 67) (72, 2)  distance 491.72 shortcut 36.01
points(13, 52) (14, 64) (20, 25) (30, 16) (51, 63) (64, 74) (73, 70) (78, 30)  distance 256.45 shortcut 50.99
points(3, 46) (8, 59) (18, 45) (33, 44) (33, 70) (52, 50) (76, 19)  distance 217.38 shortcut 27.31
points(14, 22) (15, 73) (25, 67) (27, 27) (29, 47) (34, 15) (37, 78) (75, 55) (76, 12) (79, 10) (79, 31)  distance 505.09 shortcut 40.05
points(40, 31) (61, 61)  distance 36.62 shortcut 36.62
points distance 0.00 shortcut 50.61
points(2, 2) (7, 22) (13, 22) (29, 22) (31, 52) (33, 35) (33, 67) (39, 11) (53, 47) (64, 9) (68, 78) (69, 8) (72, 39)  distance 498.61 shortcut 68.01
points(5, 38) (8, 36) (8, 40) (15, 48) (22, 22) (24, 49) (29, 49) (34, 13) (36, 67) (43, 30) (44, 57) (61, 5) (67, 72) (70, 68)  distance 490.53 shortcut 23.35
points(14, 14) (71, 4)  distance 57.87 shortcut 57.87
points(14, 8) (18, 35) (20, 27) (39, 55) (49, 27) (63, 11) (65, 26) (68, 17) (72, 6) (75, 79) (79, 72)  distance 355.08 shortcut 56.08
points distance 0.00 shortcut 33.60
points(9, 20) (11, 22) (27, 16) (30, 61) (34, 59) (35, 39) (42, 76) (45, 5) (55, 26) (63, 27)  distance 287.17 shortcut 23.26
points(10, 35) (24, 45) (31, 43) (38, 68) (46, 46) (55, 77)  distance 146.29 shortcut 32.28
points(16, 16) (18, 52) (36, 9) (38, 58) (41, 62) (49, 34) (53, 58) (54, 25) (61, 43) (66, 1) (70, 70) (78, 71)  distance 473.32 shortcut 20.81
points(9, 75) (14, 42) (25, 25) (35, 15) (36, 75) (47, 19) (51, 31) (52, 38) (66, 14) (69, 61) (70, 32) (76, 17)  distance 472.30 shortcut 26.68
points(4, 54) (9, 79) (37, 1) (40, 50) (53, 19) (59, 53) (64, 59) (67, 67) (71, 19) (73, 57) (75, 15) (75, 77) (79, 44)  distance 534.22 shortcut 16.12
points distance 0.00 shortcut 79.31
points(6, 6) (25, 21) (36, 52) (41, 5) (47, 47) (50, 35) (56, 3) (59, 37) (59, 44) (61, 45) (67, 37) (67, 37) (68, 54) (80, 53)  distance 363.08 shortcut 61.40
points(8, 13) (18, 3) (47, 47) (58, 27)  distance 151.27 shortcut 51.74
points(10, 65) (22, 78) (64, 68)  distance 71.78 shortcut 43.17
points(16, 9) (28, 63) (43, 60) (54, 68) (59, 11) (66, 62) (68, 36)  distance 298.15 shortcut 13.60
points(7, 7) (18, 48) (23, 34) (47, 75) (62, 26) (65, 62) (69, 20) (78, 35)  distance 248.25 shortcut 63.35
points(34, 34) (65, 41)  distance 31.78 shortcut 31.78
points(14, 69) (15, 25) (55, 36)  distance 85.50 shortcut 52.63
points(52, 21)  distance 0.00 shortcut 0.00
points distance 0.00 shortcut 56.08
points(48, 48) (69, 71)  distance 31.14 shortcut 31.14
points(7, 68) (7, 75) (22, 22) (43, 15) (46, 61) (55, 27) (55, 40) (55, 59) (57, 67) (58, 40) (61, 22) (61, 74) (62, 52)  distance 505.20 shortcut 22.14
points(13, 74) (40, 53) (40, 69) (67, 80) (74, 2)  distance 221.40 shortcut 16.00
points(4, 47) (7, 78) (25, 24) (33, 17) (43, 50) (60, 58) (65, 62) (66, 78) (77, 76)  distance 438.73 shortcut 69.35
points(4, 29) (12, 45) (20, 59) (28, 59) (35, 4) (36, 36) (42, 80) (48, 33) (61, 42) (68, 23) (68, 73) (76, 1)  distance 530.99 shortcut 34.54
points(17, 24) (19, 72) (22, 23) (24, 22) (36, 20) (42, 36) (44, 34) (67, 7) (68, 46) (68, 80) (78, 35)  distance 335.47 shortcut 49.65
points(13, 4) (19, 50) (20, 18) (20, 33) (30, 35) (31, 47) (34, 64) (40, 69) (59, 53) (66, 75) (72, 45)  distance 344.79 shortcut 29.27
points(9, 34) (11, 58) (14, 54) (35, 76) (50, 6) (53, 19) (70, 31)  distance 336.76 shortcut 64.88
points distance 0.00 shortcut 59.03
points(6, 3) (11, 19) (23, 49) (27, 4) (34, 22) (41, 49) (49, 40) (51, 48) (72, 34) (76, 69)  distance 390.11 shortcut 33.84
points(10, 68) (12, 12) (16, 15) (19, 49) (50, 53) (56, 43) (62, 41) (80, 18)  distance 286.23 shortcut 57.80
points(1, 66) (4, 50) (5, 11) (8, 63) (9, 77) (12, 5) (13, 71) (38, 11) (41, 54) (55, 63)  distance 314.78 shortcut 66.01
points(66, 31) (73, 73)  distance 42.58 shortcut 42.58
points(8, 31) (8, 38)  distance 7.00 shortcut 7.00
points(17, 63)  distance 0.00 shortcut 0.00
points(4, 49) (9, 21) (10, 3) (12, 12) (22, 47) (23, 19) (57, 74) (77, 9) (78, 32)  distance 439.66 shortcut 13.04
points(1, 29) (57, 24) (66, 4) (78, 78)  distance 183.80 shortcut 74.97
points(12, 32) (18, 18) (23, 32) (25, 44) (28, 39) (30, 54) (31, 43) (32, 72) (35, 17) (41, 7) (43, 61) (56, 36) (61, 47) (75, 28)  distance 411.54 shortcut 17.03
points(3, 33) (12, 48) (15, 52) (18, 57) (25, 8) (31, 6) (43, 32) (61, 44) (64, 7) (67, 59) (75, 25) (75, 46) (76, 65)  distance 628.28 shortcut 36.12
points(8, 8) (10, 14) (12, 16) (42, 76) (43, 59) (70, 78) (71, 54)  distance 330.39 shortcut 8.94
points(6, 62) (12, 53) (16, 53) (26, 42) (28, 20) (48, 33) (55, 49) (69, 11) (71, 55) (79, 36)  distance 241.05 shortcut 47.41
points(1, 44) (10, 42) (14, 5) (22, 39)  distance 75.07 shortcut 37.22
points(5, 7) (9, 48) (15, 15) (25, 3) (74, 15)  distance 177.28 shortcut 12.81
points(6, 27) (6, 74) (7, 33) (12, 73) (35, 70) (55, 8) (61, 67) (64, 64) (69, 5) (71, 7) (71, 23) (77, 64) (77, 70) (79, 43)  distance 694.85 shortcut 4.24
points(7, 3) (27, 27) (48, 1) (48, 14) (53, 17) (60, 23) (71, 50)  distance 211.08 shortcut 24.70
points(71, 71)  distance 0.00 shortcut 0.00
points(8, 5) (17, 40) (22, 63) (30, 65) (43, 52) (56, 7)  distance 194.53 shortcut 63.56
points(6, 6) (58, 57)  distance 72.84 shortcut 72.84
points(32, 32) (39, 51) (67, 52) (67, 76)  distance 121.78 shortcut 40.31
points(15, 20) (17, 33) (24, 55) (29, 64) (35, 33) (35, 78) (38, 63) (42, 32) (49, 49) (57, 2) (60, 4) (62, 78) (64, 69) (69, 8)  distance 515.17 shortcut 47.68
points(8, 32) (21, 65) (31, 24) (51, 34)  distance 109.60 shortcut 43.14
points(9, 62) (17, 30) (21, 60) (23, 78) (24, 33) (27, 55) (33, 37) (38, 56) (48, 50) (76, 31) (78, 30) (80, 66)  distance 382.64 shortcut 52.04
points(3, 65) (4, 76) (5, 5) (14, 45) (19, 24) (24, 74) (39, 27) (39, 78) (49, 68) (53, 53) (59, 9) (65, 26) (65, 50) (74, 67)  distance 617.61 shortcut 63.57
points(33, 72) (69, 61) (77, 77)  distance 81.93 shortcut 17.89
points(31, 31)  distance 0.00 shortcut 0.00
points(50, 48)  distance 0.00 shortcut 0.00
points distance 0.00 shortcut 69.31
points(4, 67) (12, 34) (12, 65) (13, 40) (16, 44) (31, 18) (58, 73) (60, 45) (62, 44) (63, 75) (66, 71) (71, 67) (74, 72) (79, 26)  distance 533.81 shortcut 26.68
points(2, 5) (8, 30) (13, 13) (44, 68) (58, 19) (68, 53)  distance 262.83 shortcut 45.40
points(1, 69) (14, 54) (19, 70) (43, 6) (48, 6) (54, 62) (66, 7) (73, 52) (76, 30) (80, 80)  distance 508.02 shortcut 70.94
points(2, 33) (21, 73) (23, 61) (23, 68) (26, 52) (28, 79) (34, 70) (65, 78) (66, 21)  distance 250.02 shortcut 57.01
points(21, 77) (39, 2) (49, 20) (77, 50)  distance 143.98 shortcut 63.51
points(6, 4) (29, 65) (46, 28) (64, 22) (71, 71)  distance 217.02 shortcut 49.50
points(13, 8) (18, 8) (21, 21) (26, 18) (26, 27) (34, 29) (38, 23) (46, 18) (55, 7) (55, 65)  distance 275.39 shortcut 15.26
points distance 0.00 shortcut 44.69
points(43, 31) (43, 40) (45, 15) (46, 14) (46, 75) (53, 63) (57, 26) (80, 20) (80, 20)  distance 215.66 shortcut 50.77
points(15, 18) (46, 33) (49, 29) (59, 28) (77, 66)  distance 158.62 shortcut 13.93
points(2, 6) (7, 38) (16, 25) (44, 10) (58, 58)  distance 186.97 shortcut 53.41
points(5, 53) (21, 1) (30, 27) (39, 39) (75, 74)  distance 234.60 shortcut 15.00
points(7, 34) (37, 11) (38, 75) (59, 59)  distance 159.51 shortcut 26.40
points(25, 19) (37, 67) (44, 79) (54, 54) (69, 74)  distance 166.64 shortcut 21.40
points(2, 43) (9, 35) (20, 50) (24, 63) (31, 1) (47, 62) (53, 4) (59, 31) (68, 10) (70, 65) (72, 15) (77, 49)  distance 466.91 shortcut 41.04
points(13, 40) (23, 78) (25, 62) (31, 27) (49, 13) (53, 11) (65, 26) (77, 61)  distance 360.37 shortcut 49.41
points(1, 50) (6, 11) (31, 76) (40, 32) (45, 33) (54, 3) (55, 16) (58, 36) (58, 58) (61, 70) (80, 45)  distance 409.27 shortcut 21.93
points distance 0.00 shortcut 57.28
points(11, 61) (30, 29) (38, 76) (53, 53) (72, 11) (79, 45)  distance 279.07 shortcut 27.46
points distance 0.00 shortcut 84.97
points(23, 36) (26, 72) (43, 60) (62, 4) (67, 52) (68, 47) (77, 65)  distance 254.22 shortcut 36.12
points(6, 60) (23, 60) (41, 3) (58, 75) (79, 29)  distance 255.38 shortcut 66.89
points(13, 61) (16, 32) (27, 53) (28, 77) (35, 80) (40, 45) (50, 25) (50, 30) (52, 1) (67, 56)  distance 332.99 shortcut 34.06
points(3, 3)  distance 0.00 shortcut 0.00
points(9, 9) (33, 45) (56, 56)  distance 68.76 shortcut 66.47
points(2, 47)  distance 0.00 shortcut 0.00
points(5, 20) (8, 8) (14, 75) (17, 41) (21, 65) (24, 43) (56, 26) (61, 33) (64, 43) (72, 24) (73, 44) (77, 53)  distance 379.62 shortcut 34.21
points(45, 45) (48, 45) (72, 16) (77, 53)  distance 70.42 shortcut 39.62
points(48, 79) (80, 80)  distance 32.02 shortcut 32.02
points(21, 39) (24, 9) (34, 61) (38, 32) (43, 70) (49, 11) (63, 28) (79, 6) (80, 72)  distance 377.62 shortcut 43.42
points(13, 13) (16, 14) (18, 76) (24, 16) (26, 47) (27, 44) (30, 1) (39, 25) (49, 20) (54, 69) (57, 41) (58, 58)  distance 477.64 shortcut 28.64
points distance 0.00 shortcut 46.32
points(19, 80) (49, 25) (52, 46) (56, 3) (56, 20) (73, 19)  distance 200.88 shortcut 23.09
points(8, 75) (15, 19) (18, 52) (47, 35) (55, 33) (64, 9) (66, 1) (80, 30)  distance 274.10 shortcut 55.87
points(3, 53) (10, 1) (18, 18) (21, 48) (26, 14) (43, 4) (51, 33) (52, 46) (59, 78) (65, 34) (65, 35) (77, 77)  distance 508.12 shortcut 8.94
points(19, 8) (20, 55) (26, 28) (41, 10) (41, 37) (62, 11) (63, 61) (65, 47) (75, 69) (75, 72)  distance 359.97 shortcut 45.71
points(5, 22) (5, 36) (6, 33) (23, 50) (25, 5) (30, 59) (43, 34) (47, 67) (59, 67) (64, 47) (71, 34) (73, 66) (79, 38)  distance 550.85 shortcut 64.08
points distance 0.00 shortcut 22.56
points(12, 57) (15, 52) (22, 43) (24, 48) (33, 8) (41, 44) (46, 62) (50, 50) (54, 40) (58, 35) (68, 29) (71, 42) (76, 28)  distance 400.17 shortcut 22.47
points(7, 60) (12, 12) (22, 6) (25, 34) (30, 15) (36, 41) (43, 28) (67, 50) (76, 4)  distance 371.22 shortcut 25.55
points(7, 13) (21, 14) (31, 76) (37, 46) (42, 2) (48, 48) (51, 22) (57, 1) (80, 61)  distance 405.39 shortcut 11.18
points distance 0.00 shortcut 59.03
points(1, 64) (17, 43) (39, 42) (51, 51) (62, 29) (63, 27) (65, 77) (78, 30)  distance 342.57 shortcut 26.83
points distance 0.00 shortcut 68.54
points(57, 68) (64, 64)  distance 8.06 shortcut 8.06
points(32, 12) (33, 62) (63, 79) (76, 9) (76, 76) (79, 73)  distance 231.03 shortcut 45.22
points(2, 41) (11, 16) (25, 36) (52, 56) (65, 38) (72, 72)  distance 234.06 shortcut 34.71
points(3, 29) (17, 17) (56, 21) (79, 70)  distance 158.92 shortcut 39.20
points(21, 8) (42, 53) (55, 69) (64, 11) (75, 32) (78, 78)  distance 219.76 shortcut 43.83
points distance 0.00 shortcut 67.62
points(2, 77) (12, 77) (18, 74) (25, 44) (31, 23) (32, 35) (40, 40) (52, 55) (55, 78) (67, 6) (70, 43) (74, 1) (78, 5)  distance 610.12 shortcut 51.66
points(14, 45) (22, 72) (41, 63) (49, 3) (53, 28) (53, 44) (64, 25) (69, 36) (76, 52) (77, 47) (78, 59) (78, 75) (78, 78)  distance 466.41 shortcut 55.90
points(19, 19) (46, 55) (46, 69) (56, 56) (57, 61) (69, 23)  distance 137.77 shortcut 52.33
points(47, 67) (57, 57) (70, 11)  distance 74.68 shortcut 47.80
points(3, 38) (16, 14) (17, 80) (27, 24) (27, 26) (28, 17) (34, 34) (35, 22) (51, 41) (52, 23) (73, 56) (76, 53) (77, 71)  distance 332.09 shortcut 31.26
points(11, 6) (12, 46) (13, 39) (14, 7) (33, 3) (34, 39) (50, 70) (53, 38) (71, 35) (72, 7) (76, 10)  distance 403.08 shortcut 69.12
points(29, 65) (31, 9) (32, 63) (51, 77) (57, 70) (79, 45)  distance 188.12 shortcut 9.22
points(3, 65) (5, 60) (7, 17) (7, 32) (9, 9) (15, 59) (18, 79) (27, 79) (33, 48) (37, 20) (42, 41) (54, 12) (65, 78)  distance 413.47 shortcut 41.59
points(1, 38) (8, 8) (20, 37) (41, 12) (45, 65) (54, 57) (65, 12) (77, 2)  distance 295.87 shortcut 67.21
points(14, 53) (23, 6) (28, 36) (38, 9) (47, 54) (60, 62)  distance 155.34 shortcut 57.38
points distance 0.00 shortcut 39.05
points(2, 58) (6, 76) (9, 8) (15, 6) (23, 14) (23, 35) (25, 67) (27, 55) (30, 36) (45, 66) (49, 19) (53, 12) (63, 51)  distance 384.92 shortcut 31.40
points(5, 53) (57, 24) (57, 57) (65, 9)  distance 166.94 shortcut 48.66
points(2, 73) (10, 6) (14, 24) (18, 27) (19, 12) (19, 64) (30, 11) (30, 70) (51, 48) (56, 14) (58, 68) (65, 20) (74, 27)  distance 534.85 shortcut 48.70
points(22, 7) (41, 41) (48, 1) (51, 47) (57, 7) (64, 35) (64, 47) (76, 56)  distance 204.60 shortcut 37.58
points(3, 68) (11, 13) (43, 56) (64, 54)  distance 130.27 shortcut 62.59
points(7, 49) (9, 41) (19, 8) (49, 74) (67, 8) (68, 27)  distance 212.57 shortcut 19.03
points(8, 49) (14, 78) (25, 25) (29, 27) (36, 18) (47, 49)  distance 227.23 shortcut 4.47
points(3, 11) (3, 49) (11, 62) (15, 8) (22, 75) (30, 29) (37, 77) (55, 55) (70, 43)  distance 363.34 shortcut 19.21
points distance 0.00 shortcut 82.15
points(18, 77) (23, 14) (27, 15) (33, 33) (36, 61) (67, 14) (67, 16) (67, 51) (67, 66)  distance 331.49 shortcut 37.00
points(1, 22) (3, 31) (28, 28) (35, 5) (41, 15) (43, 43) (50, 57) (54, 50) (55, 53) (63, 25) (69, 28) (71, 65) (80, 32)  distance 416.20 shortcut 13.04
points(2, 75) (3, 52) (3, 67) (17, 47) (20, 62) (33, 52) (35, 73) (52, 16) (56, 49) (63, 62) (79, 9)  distance 387.66 shortcut 22.20
points(6, 37) (10, 69) (14, 43) (15, 23) (19, 80) (24, 7) (37, 37) (59, 21) (70, 44) (72, 62)  distance 382.89 shortcut 33.73
points(1, 11) (3, 60) (10, 39) (17, 16) (27, 38) (36, 68) (38, 38) (48, 5) (52, 52) (53, 32) (54, 58) (66, 60) (70, 70) (71, 21)  distance 523.23 shortcut 25.46
points(1, 11) (9, 2) (29, 61) (40, 2) (41, 46) (44, 11) (46, 46) (60, 34) (65, 12) (66, 31) (71, 14)  distance 397.31 shortcut 12.04
points(15, 5) (19, 60) (21, 75) (23, 23) (43, 66) (51, 12) (51, 54) (64, 4) (64, 21) (71, 38) (76, 27) (78, 52) (80, 80)  distance 500.65 shortcut 61.13
points(5, 36) (8, 8) (43, 69)  distance 120.66 shortcut 28.16
points(30, 64) (44, 55) (47, 52) (49, 71) (49, 72) (76, 76)  distance 95.01 shortcut 38.28
points distance 0.00 shortcut 70.43
points(17, 33) (34, 19) (57, 43) (75, 75)  distance 99.97 shortcut 69.40
points distance 0.00 shortcut 38.95
points(1, 68) (10, 49) (13, 77) (16, 33) (27, 15) (34, 3) (34, 8) (45, 80) (48, 19) (51, 46) (64, 10) (69, 80) (71, 33) (80, 23)  distance 690.22 shortcut 47.54
points(3, 63) (8, 58) (20, 56) (24, 74) (33, 9) (43, 37) (70, 51)  distance 215.59 shortcut 65.62
points(4, 4) (36, 14) (46, 66)  distance 86.48 shortcut 74.89
points(4, 49) (8, 45) (11, 49) (12, 66) (15, 2) (20, 35) (25, 36) (25, 55) (32, 14) (40, 10) (48, 46) (50, 51) (69, 50) (80, 12)  distance 552.46 shortcut 24.70
points(54, 19) (54, 77)  distance 58.00 shortcut 58.00
points(3, 13) (12, 56) (13, 22) (22, 49) (22, 74) (24, 56) (26, 68) (27, 25) (53, 53) (58, 39) (79, 78)  distance 439.59 shortcut 31.26
points(7, 73) (12, 12) (22, 35) (24, 15) (71, 37) (73, 33) (73, 51) (79, 60) (80, 72)  distance 339.03 shortcut 25.08
points(14, 14) (64, 18)  distance 50.16 shortcut 50.16
points(14, 79) (26, 75) (27, 7) (29, 45) (37, 68) (47, 62) (53, 71) (64, 44) (70, 69) (71, 67)  distance 228.84 shortcut 61.81
points(1, 28) (11, 46) (15, 30) (49, 73) (65, 50) (66, 18) (68, 4) (73, 80) (75, 63)  distance 355.68 shortcut 14.14
points(16, 8) (18, 18)  distance 10.20 shortcut 10.20
points distance 0.00 shortcut 17.89
points(1, 33) (2, 33) (7, 77) (9, 78) (11, 2) (13, 10) (26, 29) (35, 42) (46, 31) (47, 72) (57, 53) (61, 6) (73, 12) (80, 33)  distance 554.02 shortcut 48.41
points(15, 67) (18, 66) (19, 67) (35, 43) (40, 54) (43, 57) (45, 9) (53, 20) (59, 59) (70, 77)  distance 363.57 shortcut 51.92
points(5, 63) (11, 36) (31, 46) (44, 45) (50, 44) (52, 76) (53, 80) (70, 26) (72, 16)  distance 427.17 shortcut 6.08
points(2, 34) (13, 56) (22, 50) (25, 27) (26, 58) (31, 50) (35, 72) (51, 43) (54, 75) (60, 48) (68, 53) (79, 53) (80, 44)  distance 408.31 shortcut 59.67
points(9, 18) (13, 1) (19, 66) (33, 7) (42, 27) (46, 17) (49, 33) (64, 8) (68, 27) (75, 40) (77, 77) (78, 66) (80, 21) (80, 62)  distance 592.18 shortcut 82.68
points(12, 71) (15, 53) (21, 25) (30, 24) (36, 75) (42, 19) (45, 45)  distance 204.46 shortcut 26.17
points(29, 38) (32, 26) (39, 75) (45, 5) (46, 67) (63, 77) (70, 23) (79, 25)  distance 300.12 shortcut 39.45
points(32, 5)  distance 0.00 shortcut 0.00
points(21, 21) (61, 17) (80, 80)  distance 106.00 shortcut 83.44
points(22, 13) (33, 36)  distance 25.50 shortcut 25.50
points(7, 41) (17, 33) (24, 74) (31, 80) (69, 69)  distance 103.18 shortcut 68.03
points distance 0.00 shortcut 41.59
points(15, 42) (16, 50) (18, 31) (20, 25) (26, 5) (32, 14) (41, 68) (46, 35) (56, 27) (57, 16) (61, 40) (63, 47) (67, 80) (74, 43)  distance 553.63 shortcut 10.82
points(8, 7) (10, 67) (33, 20) (47, 64) (63, 76) (66, 3) (68, 68) (70, 13) (74, 44) (77, 36)  distance 497.47 shortcut 21.38
points(3, 41) (6, 16) (39, 65) (40, 55) (61, 65) (63, 63) (71, 27) (80, 12)  distance 286.28 shortcut 24.35
points(3, 77) (32, 26) (33, 33) (44, 31) (59, 71)  distance 173.14 shortcut 53.25
points(9, 13) (10, 50) (27, 56) (33, 9) (34, 29) (39, 41) (49, 11) (50, 1) (54, 67) (56, 26) (63, 72) (67, 46) (78, 13)  distance 560.71 shortcut 32.56
points(32, 32)  distance 0.00 shortcut 0.00
points(7, 22) (18, 38) (31, 51) (37, 73) (40, 5) (70, 30) (75, 42) (75, 56) (75, 68)  distance 412.03 shortcut 70.88
points(26, 21) (32, 67) (61, 10) (77, 75)  distance 159.04 shortcut 36.69
points(3, 56) (8, 68) (51, 77) (76, 1) (79, 70)  distance 272.49 shortcut 13.00
points(2, 75) (4, 6) (27, 3) (32, 57) (44, 58) (61, 8)  distance 244.90 shortcut 69.03
points(4, 63) (5, 34) (13, 39) (20, 22) (37, 76) (63, 18) (68, 79)  distance 259.30 shortcut 52.80
points(2, 2) (2, 2) (4, 14) (14, 41) (28, 63) (33, 28) (34, 63) (36, 13) (42, 46) (47, 58) (51, 30) (67, 23) (70, 10) (77, 63)  distance 500.56 shortcut 35.74
points(2, 63) (6, 6) (15, 8) (30, 18) (31, 41) (38, 78) (39, 17) (39, 41) (45, 20) (55, 71) (57, 3) (74, 5) (75, 36) (76, 28)  distance 635.94 shortcut 34.79
points(34, 74) (47, 65) (52, 52)  distance 44.24 shortcut 13.93
points(8, 62) (23, 16) (30, 61) (31, 30) (35, 36) (36, 45) (56, 14) (61, 15) (64, 61) (69, 41) (72, 26)  distance 416.47 shortcut 33.42
points(13, 12) (14, 25) (17, 57) (23, 26) (33, 78) (35, 28) (38, 51) (44, 53) (51, 51) (62, 39) (73, 54) (74, 4) (80, 48) (80, 74)  distance 541.37 shortcut 7.28
points(13, 48) (14, 48) (22, 22) (22, 76) (29, 20) (35, 23) (46, 10) (55, 24) (56, 48) (59, 20) (66, 57) (67, 78) (77, 66) (80, 58)  distance 468.66 shortcut 54.00
points(26, 37) (32, 62) (37, 46) (55, 55) (68, 6) (77, 60)  distance 210.57 shortcut 22.56
points(10, 39) (11, 49) (20, 1) (37, 76) (39, 48) (53, 35) (58, 65) (59, 59) (61, 12) (76, 25)  distance 404.18 shortcut 69.89
points(11, 19) (41, 18) (41, 77) (42, 5) (45, 45) (58, 61) (77, 36)  distance 211.02 shortcut 40.11
points(12, 60) (30, 22) (65, 6)  distance 117.71 shortcut 38.48
points(9, 48) (30, 59) (33, 7) (35, 21) (40, 49) (52, 57) (55, 78) (80, 37)  distance 245.16 shortcut 14.14
points(8, 28) (14, 5) (18, 49) (29, 1) (32, 37) (35, 56) (40, 58) (52, 56) (52, 62) (58, 11) (65, 15) (76, 58)  distance 482.25 shortcut 51.97
points(39, 8) (60, 56) (72, 26)  distance 84.70 shortcut 37.59
points(6, 6)  distance 0.00 shortcut 0.00
points(3, 71) (8, 66) (10, 7) (26, 21) (28, 33) (43, 72) (44, 63) (48, 35) (49, 16) (56, 35) (63, 41) (75, 18) (76, 80)  distance 539.88 shortcut 69.43
points(1, 78) (5, 11) (17, 30) (49, 79) (53, 67) (54, 72) (55, 55) (70, 9) (72, 48) (75, 54) (77, 5) (80, 76) (80, 76)  distance 579.52 shortcut 54.63
points(3, 3) (5, 45) (12, 59) (14, 75) (36, 32) (37, 7) (37, 19) (45, 33) (55, 76) (60, 59) (62, 17) (64, 53) (70, 62) (70, 76)  distance 576.98 shortcut 37.58
points distance 0.00 shortcut 41.59
points distance 0.00 shortcut 41.59
points(7, 44) (11, 43) (12, 49) (14, 41) (20, 48) (35, 33) (44, 7) (45, 48) (52, 56) (58, 40) (59, 25) (72, 47) (73, 67)  distance 392.83 shortcut 69.89
points(6, 19) (22, 49) (30, 76) (43, 29) (44, 23) (57, 49) (65, 75) (73, 53)  distance 351.48 shortcut 35.00
points distance 0.00 shortcut 75.17
points(12, 32) (25, 7) (45, 71) (56, 13) (77, 20)  distance 190.72 shortcut 51.09
points(8, 5) (10, 31) (13, 36) (52, 61) (57, 19) (61, 15)  distance 188.52 shortcut 42.30
points(50, 10) (56, 46)  distance 36.50 shortcut 36.50
points(6, 10) (29, 51) (60, 73) (62, 12) (70, 15)  distance 219.28 shortcut 54.56
points(60, 22) (72, 16) (76, 26)  distance 29.91 shortcut 10.77
points(7, 7) (11, 4) (23, 3) (34, 9) (42, 50) (57, 68) (72, 14)  distance 292.52 shortcut 55.44
points(2, 36) (16, 28) (40, 25) (52, 31) (58, 61) (59, 59)  distance 203.23 shortcut 61.47
points(20, 23) (35, 12) (38, 42) (43, 30) (44, 12) (58, 58) (80, 30)  distance 195.61 shortcut 25.61
points distance 0.00 shortcut 56.64
points(59, 54)  distance 0.00 shortcut 0.00
points(22, 57) (25, 46) (37, 37) (41, 17) (55, 10) (67, 9) (68, 18) (79, 20) (79, 72)  distance 264.82 shortcut 25.00
points(8, 30) (9, 24) (18, 61) (24, 17) (27, 13) (49, 53) (61, 22) (63, 18) (68, 47) (70, 28) (73, 12) (78, 70)  distance 442.39 shortcut 16.28
points(7, 47) (9, 9) (29, 78) (70, 6) (70, 50)  distance 206.16 shortcut 71.84
points(17, 72) (19, 5) (51, 41) (54, 54) (60, 63)  distance 148.93 shortcut 60.22
points(5, 56) (16, 38) (35, 18) (43, 56) (56, 65) (60, 45) (62, 62) (67, 64)  distance 250.91 shortcut 57.31
points(48, 5) (50, 50)  distance 45.04 shortcut 45.04
points(32, 15) (41, 24) (52, 63)  distance 64.73 shortcut 40.52
points(6, 28) (8, 75) (12, 70) (14, 69) (17, 50) (33, 64) (39, 72) (51, 34) (52, 50) (60, 16)  distance 312.99 shortcut 31.11
points(6, 29) (8, 43) (14, 55) (31, 21) (35, 17) (40, 29) (43, 78) (46, 69) (54, 27) (57, 6) (68, 32) (74, 26) (79, 37) (79, 40)  distance 564.08 shortcut 43.42
points(23, 52) (25, 47) (25, 62) (27, 65) (58, 8) (63, 64) (77, 65) (79, 3)  distance 339.96 shortcut 69.66
points(15, 56) (22, 50) (40, 57) (43, 3) (44, 44) (49, 39) (54, 48) (61, 19) (74, 47)  distance 326.53 shortcut 13.60
points(6, 10) (16, 9) (19, 26) (38, 21) (43, 12) (50, 78) (57, 57) (61, 49) (72, 9)  distance 359.64 shortcut 8.94
points(25, 72) (29, 3) (33, 59) (52, 52) (68, 18) (73, 31)  distance 160.34 shortcut 29.70
points(1, 36) (2, 60) (33, 43) (52, 53) (59, 71) (66, 50) (76, 50)  distance 294.36 shortcut 64.78
points(15, 56) (29, 69) (34, 60) (46, 17) (52, 45) (68, 60) (74, 63) (77, 4)  distance 340.07 shortcut 48.02
points distance 0.00 shortcut 68.77
points distance 0.00 shortcut 68.77
points(7, 40) (13, 40) (23, 15) (28, 77) (39, 28) (43, 67) (60, 57) (72, 72) (75, 31)  distance 280.23 shortcut 55.00
points(23, 23) (25, 41) (29, 23) (29, 74) (32, 4) (32, 72) (37, 76) (54, 37) (56, 16) (62, 63) (64, 78)  distance 444.91 shortcut 54.82
points(8, 75) (13, 43) (17, 80) (30, 23) (32, 4) (38, 78) (56, 70) (58, 74) (67, 16) (68, 39) (73, 9)  distance 441.50 shortcut 74.95
points(6, 16) (52, 61) (72, 72)  distance 87.18 shortcut 86.56
points(64, 64) (67, 67)  distance 4.24 shortcut 4.24
points(8, 5) (16, 27) (36, 26) (39, 11) (49, 34) (74, 62) (77, 2)  distance 243.73 shortcut 35.00
points(9, 64) (22, 63) (40, 41) (52, 24) (78, 34) (80, 47)  distance 261.69 shortcut 40.45
points(2, 64) (11, 46) (11, 49) (24, 12) (25, 39) (27, 47) (44, 26) (44, 26) (53, 5) (65, 45) (74, 74)  distance 366.90 shortcut 68.94
points distance 0.00 shortcut 47.30
points(15, 14) (44, 35) (57, 12) (57, 34) (61, 47) (67, 20) (77, 77)  distance 218.74 shortcut 34.00
points(2, 62) (5, 63) (14, 14) (28, 44) (30, 37) (46, 62) (53, 39) (61, 3) (64, 50) (69, 65) (78, 60)  distance 376.51 shortcut 57.69
points(12, 14) (17, 65) (28, 65) (34, 33) (36, 1) (58, 66) (67, 6) (68, 23)  distance 325.11 shortcut 30.02
points(6, 74) (9, 43) (21, 19) (24, 69) (34, 44) (34, 66) (52, 58) (55, 12) (61, 27) (66, 25) (75, 70)  distance 507.39 shortcut 54.41
points(20, 40) (54, 54)  distance 36.77 shortcut 36.77
points(2, 30) (3, 60) (9, 23) (10, 58) (14, 1) (30, 4) (34, 75) (37, 8) (64, 14) (69, 57) (78, 8)  distance 481.03 shortcut 76.40
points(8, 6) (14, 71) (23, 31) (25, 25) (25, 79) (31, 44) (39, 77) (55, 32) (59, 69) (61, 53) (67, 11) (76, 57)  distance 462.52 shortcut 77.47
points(10, 18) (14, 45) (20, 20) (29, 44) (56, 62) (63, 20) (67, 45) (67, 51) (74, 75) (76, 43) (76, 56) (80, 39)  distance 488.24 shortcut 66.57
points(20, 20) (24, 21)  distance 4.12 shortcut 4.12
points(3, 62) (6, 6) (10, 2) (20, 4) (29, 6) (34, 15) (37, 77) (40, 69) (50, 66) (59, 64) (60, 64)  distance 295.27 shortcut 74.40
points(2, 21) (2, 78) (23, 78) (25, 27) (25, 59) (40, 6) (68, 42) (74, 66) (75, 37)  distance 366.46 shortcut 55.95
points(1, 40) (33, 21) (41, 13) (41, 17) (43, 30) (60, 21) (60, 44) (64, 46) (71, 30) (73, 68)  distance 313.82 shortcut 17.12
points(25, 72) (33, 46) (41, 10) (61, 61) (65, 32) (68, 64) (72, 44) (75, 60)  distance 243.05 shortcut 31.76
points(1, 1) (5, 5) (8, 54) (33, 77) (39, 66) (57, 53)  distance 305.33 shortcut 53.46
points distance 0.00 shortcut 54.59
points(58, 14) (75, 33)  distance 25.50 shortcut 25.50
points(11, 44) (19, 32) (33, 4) (43, 21) (51, 63) (69, 6) (71, 75) (76, 48)  distance 346.78 shortcut 26.40
points(9, 40) (9, 56) (17, 77) (31, 44) (33, 6) (50, 25) (50, 53)  distance 232.26 shortcut 40.80
points(1, 24) (20, 7) (27, 4) (29, 29) (30, 78) (32, 72) (38, 48) (39, 77) (41, 2) (53, 31) (54, 69) (55, 56) (57, 46)  distance 452.22 shortcut 49.01
points(8, 22) (19, 21) (55, 65) (60, 60) (70, 69)  distance 211.49 shortcut 63.70
points(19, 13) (29, 60) (39, 27) (44, 49) (51, 5) (52, 7) (55, 32) (55, 56) (67, 23) (67, 42) (72, 55) (72, 73) (75, 49) (79, 43)  distance 384.64 shortcut 56.08
points(24, 74)  distance 0.00 shortcut 0.00
points(3, 11) (12, 46) (19, 37) (20, 59) (55, 46) (56, 25) (61, 73) (63, 43) (67, 20) (75, 73)  distance 426.24 shortcut 68.54
points(8, 68) (17, 7) (36, 1) (48, 53) (57, 76) (57, 79) (63, 22) (73, 69) (75, 33) (78, 5)  distance 484.97 shortcut 27.51
points(7, 2) (12, 69) (26, 64) (29, 57) (31, 33) (33, 5) (39, 39) (50, 31) (53, 69) (69, 33) (72, 4) (77, 10)  distance 440.24 shortcut 28.18
points(16, 75) (59, 13) (60, 56) (64, 79) (68, 7) (80, 53)  distance 227.53 shortcut 10.82
points(42, 55) (44, 66) (58, 45) (73, 12)  distance 89.43 shortcut 36.25
points(6, 60) (49, 77) (65, 68)  distance 64.60 shortcut 59.54
points(1, 6) (10, 22) (14, 23) (17, 20) (19, 31) (26, 80) (38, 4) (40, 51) (42, 21) (60, 15) (66, 64) (69, 69)  distance 438.89 shortcut 62.80
points(4, 67) (36, 39) (38, 28) (43, 5) (47, 49) (49, 18) (53, 22) (53, 53) (76, 42)  distance 307.39 shortcut 22.02
points(2, 2) (11, 29) (17, 74) (29, 7) (33, 17) (33, 59) (41, 4) (43, 80) (48, 50) (56, 25) (56, 30) (59, 80) (61, 5) (67, 73) (70, 60)  distance 723.97 shortcut 39.05
points(21, 28) (34, 34) (35, 66) (37, 20) (41, 14) (47, 51) (50, 40) (62, 3) (69, 42)  distance 266.87 shortcut 50.29
points(17, 63) (32, 30) (36, 18) (37, 42) (38, 20) (40, 26) (43, 34) (46, 57) (50, 19) (54, 79) (62, 21)  distance 255.28 shortcut 46.32
points distance 0.00 shortcut 54.82
points(3, 29) (7, 58) (27, 27) (29, 40) (31, 32) (35, 9) (41, 40) (43, 15) (51, 76) (64, 20) (69, 55)  distance 352.22 shortcut 19.70
points(23, 43) (27, 24) (58, 13) (59, 41)  distance 105.18 shortcut 46.10
points(18, 80)  distance 0.00 shortcut 0.00
points(1, 6) (54, 21) (60, 67) (61, 3)  distance 138.40 shortcut 84.86
points distance 0.00 shortcut 6.08
points(8, 80) (26, 67) (55, 35) (69, 66) (79, 79)  distance 178.10 shortcut 16.40
points(8, 38) (12, 39) (14, 14) (39, 21) (53, 71) (57, 24) (59, 26) (60, 23) (65, 58)  distance 337.49 shortcut 24.74
points(8, 37) (21, 78) (25, 79) (30, 31) (48, 40) (61, 62) (65, 39)  distance 199.73 shortcut 43.08
points(0, 0) (3, 44) (14, 27) (18, 50) (22, 11) (30, 6) (30, 46) (31, 26) (33, 51) (34, 53) (36, 20) (45, 44) (47, 8) (56, 27) (68, 18)  distance 474.36 shortcut 70.34
points(40, 40)  distance 0.00 shortcut 0.00
points distance 0.00 shortcut 56.57
points(7, 26) (11, 29) (11, 42) (26, 26) (50, 74) (60, 12) (76, 13) (80, 30)  distance 414.93 shortcut 53.67
points(3, 3) (4, 77) (34, 54) (49, 74) (53, 41)  distance 214.87 shortcut 37.80
points(14, 59) (17, 47) (18, 22) (21, 21) (22, 76) (24, 22) (58, 52) (59, 48)  distance 250.68 shortcut 46.62
points(7, 14) (21, 28) (28, 5) (28, 39) (29, 44) (43, 51) (55, 77) (59, 20) (60, 52) (60, 55) (63, 23) (70, 65) (73, 68)  distance 462.58 shortcut 42.30
points(2, 59) (2, 75) (17, 17) (19, 8) (23, 50) (29, 22) (37, 11) (40, 40) (44, 12) (44, 23) (80, 13)  distance 373.57 shortcut 27.46
points(10, 54) (17, 16) (19, 29) (20, 5) (27, 72) (50, 13) (54, 46) (65, 61)  distance 273.63 shortcut 33.24
points(35, 44)  distance 0.00 shortcut 0.00
points(11, 11) (59, 44) (72, 75)  distance 122.03 shortcut 58.25
points(21, 16) (22, 48) (26, 30) (31, 37) (31, 46) (45, 27) (45, 31) (53, 70) (60, 59) (61, 48) (68, 70)  distance 384.05 shortcut 38.01
points(2, 57) (6, 44) (8, 61) (26, 56) (38, 14) (48, 15) (71, 71) (75, 5) (76, 58) (79, 54)  distance 469.88 shortcut 70.41
points(6, 52) (9, 68) (27, 71) (39, 5) (44, 44) (46, 65) (47, 80) (53, 29)  distance 305.01 shortcut 39.32
points(16, 3) (58, 16)  distance 43.97 shortcut 43.97
points(20, 20) (44, 52) (51, 20)  distance 63.76 shortcut 40.00
points(20, 40) (21, 54) (32, 37) (41, 49) (50, 75)  distance 105.76 shortcut 46.10
points(5, 26) (9, 18) (14, 66) (24, 51) (34, 15) (38, 9) (41, 32) (42, 61) (44, 63) (54, 65) (62, 4) (75, 68)  distance 482.33 shortcut 34.93
points(29, 20) (39, 76) (44, 17) (54, 47) (62, 47) (70, 70)  distance 228.30 shortcut 24.35
points distance 0.00 shortcut 77.80
points(3, 78) (7, 24) (18, 73) (31, 32) (33, 80) (40, 64) (47, 60) (54, 67) (54, 74) (59, 59) (68, 67)  distance 409.42 shortcut 12.04
points(59, 65) (60, 34) (70, 45)  distance 37.69 shortcut 31.02
points(2, 8) (8, 8) (17, 74) (21, 48) (21, 52) (59, 21) (70, 48)  distance 295.08 shortcut 42.06
points(1, 1) (12, 22) (22, 24) (29, 56) (36, 8) (41, 41) (42, 40) (80, 45)  distance 297.43 shortcut 1.41
points(2, 71) (20, 23) (32, 5) (38, 78) (42, 38) (43, 10) (48, 11) (49, 2) (50, 25) (59, 59) (73, 41)  distance 373.56 shortcut 58.25
points(15, 42) (33, 49) (43, 29) (51, 34) (57, 34) (59, 13) (69, 39) (75, 59) (76, 7) (77, 62)  distance 401.28 shortcut 13.00
points(12, 46) (20, 20) (30, 35) (37, 58) (47, 80) (64, 10) (66, 46) (72, 49) (73, 36) (76, 59) (77, 22)  distance 353.96 shortcut 68.24
points(18, 41) (39, 39) (51, 5)  distance 69.93 shortcut 36.06
points(7, 63) (13, 13) (18, 18) (18, 69) (26, 1) (37, 46) (51, 63) (52, 64) (55, 21) (65, 54) (67, 72) (69, 26) (71, 20) (79, 29)  distance 650.79 shortcut 56.22
points(4, 40) (42, 80) (49, 13) (53, 54) (54, 4) (55, 24) (56, 27) (57, 39) (64, 11) (67, 43) (68, 24) (69, 80) (76, 76)  distance 448.67 shortcut 34.23
points(1, 52) (14, 48) (27, 43) (38, 38) (47, 49) (54, 7) (74, 55)  distance 260.77 shortcut 26.00
points(15, 15)  distance 0.00 shortcut 0.00
points(12, 21) (19, 73) (21, 57) (26, 4) (28, 43) (41, 77) (46, 27) (54, 61) (60, 54) (66, 18) (77, 53) (78, 51)  distance 395.47 shortcut 57.31
points(5, 47) (9, 7) (12, 24) (18, 11) (22, 58) (35, 35) (37, 37) (39, 13) (42, 41) (43, 26) (70, 14) (79, 17)  distance 409.81 shortcut 9.22
points(10, 14) (23, 56) (30, 44) (42, 72) (53, 3) (66, 78) (69, 64) (75, 53)  distance 267.19 shortcut 30.46
points(32, 64) (39, 55)  distance 11.40 shortcut 11.40
points distance 0.00 shortcut 67.42
points(17, 17) (19, 1) (23, 7) (33, 21) (42, 5) (55, 51) (72, 47)  distance 193.52 shortcut 62.65
points(26, 68) (30, 80) (38, 80) (43, 71) (51, 53) (63, 29) (67, 22) (77, 58)  distance 231.95 shortcut 32.20
points(4, 38) (29, 34) (37, 31)  distance 42.28 shortcut 25.32
points(12, 12)  distance 0.00 shortcut 0.00
points(5, 5) (12, 46) (18, 2) (18, 77) (35, 15) (57, 4) (58, 73) (62, 37)  distance 376.18 shortcut 36.22
points(15, 21) (15, 33) (26, 60) (47, 18) (60, 75) (62, 9) (66, 14) (70, 19) (70, 39)  distance 329.65 shortcut 29.15
points(34, 70) (52, 76)  distance 18.97 shortcut 18.97
points(10, 73) (11, 11) (12, 78) (14, 79) (30, 8) (32, 31) (40, 40) (43, 9) (43, 25) (52, 69) (58, 59) (60, 7) (60, 54) (75, 64)  distance 463.87 shortcut 41.01
points(25, 25) (29, 78) (48, 23) (55, 42) (63, 49)  distance 134.01 shortcut 53.15
points(67, 19)  distance 0.00 shortcut 0.00
points(20, 80) (60, 47)  distance 51.86 shortcut 51.86
points(11, 10) (19, 53) (36, 10) (62, 6) (62, 60) (64, 10)  distance 211.43 shortcut 50.04
points(1, 40) (2, 51) (15, 46) (28, 72) (40, 49) (58, 33) (61, 27) (63, 13) (69, 67) (74, 53)  distance 414.73 shortcut 41.30
points(15, 77) (19, 19) (19, 61) (22, 10) (22, 66) (36, 61) (39, 52) (45, 23) (50, 63) (62, 6) (69, 41) (77, 34)  distance 467.24 shortcut 45.31
points(35, 23) (52, 52) (58, 13)  distance 64.54 shortcut 33.62
points(16, 15) (51, 51)  distance 50.21 shortcut 50.21
points(6, 71) (20, 20) (24, 19) (25, 76) (26, 26) (36, 73) (76, 46)  distance 286.90 shortcut 8.49
points(30, 30) (38, 26)  distance 8.94 shortcut 8.94
points(2, 11) (11, 25) (31, 31) (35, 36) (42, 27) (59, 62) (76, 44)  distance 247.67 shortcut 41.77
points(6, 5) (10, 35) (12, 33) (19, 11) (20, 71) (22, 25) (36, 59) (49, 21) (52, 13) (57, 11) (58, 28) (59, 34) (77, 77) (78, 8)  distance 585.75 shortcut 52.55
points(1, 57) (6, 38) (23, 28) (37, 80) (38, 41) (42, 42) (45, 58) (46, 22) (47, 45) (49, 57) (56, 16) (61, 16) (70, 67) (71, 61)  distance 461.17 shortcut 16.28
points(12, 46) (13, 13) (23, 48) (39, 67) (40, 7) (44, 73) (52, 79) (55, 4) (58, 53) (63, 74) (67, 79)  distance 371.81 shortcut 36.40
points(15, 73) (19, 29) (22, 69) (45, 28) (46, 48) (66, 52) (67, 67)  distance 197.27 shortcut 15.03
points(26, 72) (71, 80) (75, 30)  distance 95.87 shortcut 64.54
points(1, 63) (67, 72) (72, 35)  distance 113.66 shortcut 66.61
points(32, 32)  distance 0.00 shortcut 0.00
points(5, 31) (8, 50) (9, 28) (19, 30) (38, 49) (39, 32) (40, 37) (50, 20) (54, 9) (61, 48) (71, 18) (77, 26) (78, 63)  distance 447.62 shortcut 22.02
points(21, 55) (23, 44) (28, 56) (35, 3) (40, 31) (54, 72) (56, 34) (73, 16)  distance 270.09 shortcut 13.00
points(72, 47)  distance 0.00 shortcut 0.00
points(2, 2) (5, 67) (7, 77) (11, 50) (36, 36) (45, 22) (47, 4) (49, 24) (58, 39) (70, 3) (71, 63)  distance 505.72 shortcut 44.20
points(63, 17)  distance 0.00 shortcut 0.00
points(25, 72) (40, 55) (65, 63) (71, 79) (80, 58)  distance 160.48 shortcut 26.25
points(8, 29) (8, 67) (34, 62) (42, 45) (45, 67) (52, 56) (57, 18) (57, 56) (69, 14) (80, 29)  distance 355.03 shortcut 38.33
points(6, 32) (9, 50) (12, 12) (15, 77) (36, 24) (39, 16) (56, 30) (58, 2)  distance 294.82 shortcut 47.07
points(4, 52) (10, 12) (16, 71) (48, 48) (52, 17) (74, 17) (78, 75)  distance 346.30 shortcut 44.18
points(2, 29) (5, 23) (18, 44) (48, 3) (48, 25) (54, 67) (57, 4) (80, 42)  distance 301.63 shortcut 9.06
points(12, 24) (12, 41) (66, 66)  distance 85.41 shortcut 59.51
points(56, 2) (68, 59) (75, 60)  distance 119.28 shortcut 7.07
points(1, 20) (13, 71) (29, 58) (32, 63) (41, 69) (44, 2) (54, 28) (57, 54) (59, 29) (61, 50) (75, 68) (76, 49) (79, 63)  distance 481.65 shortcut 62.17
points(12, 39) (49, 64) (71, 32)  distance 98.25 shortcut 44.65
points distance 0.00 shortcut 80.60
points(11, 67) (31, 46) (45, 46) (72, 72)  distance 115.17 shortcut 48.55
points(3, 68) (7, 55) (34, 42) (38, 17) (38, 63) (45, 10) (45, 30) (48, 60) (49, 33) (50, 41) (59, 79) (60, 47) (80, 11)  distance 538.64 shortcut 32.02
points(19, 20) (35, 78) (36, 69) (38, 38) (42, 58) (43, 75) (58, 35) (67, 37) (71, 51)  distance 281.21 shortcut 37.34
points(11, 80) (38, 48) (38, 78) (44, 44) (52, 67) (62, 13) (73, 36) (74, 73)  distance 299.50 shortcut 34.53
points distance 0.00 shortcut 86.76
points distance 0.00 shortcut 86.76
points(2, 2) (10, 7) (10, 34) (17, 69) (21, 5) (21, 46) (32, 52) (37, 7) (37, 66) (40, 56) (44, 64) (48, 77) (58, 54) (68, 28) (78, 29)  distance 498.67 shortcut 35.36
points(11, 3) (12, 18) (18, 45) (40, 74) (47, 16) (51, 61) (55, 67) (59, 14) (66, 55)  distance 376.47 shortcut 49.03
points(77, 77)  distance 0.00 shortcut 0.00
points(4, 28) (20, 57) (23, 74) (59, 78) (74, 19) (76, 13) (76, 65) (78, 39)  distance 363.20 shortcut 52.00
points distance 0.00 shortcut 100.00
points(3, 18) (3, 26) (5, 46) (7, 36) (10, 54) (31, 43) (35, 2) (39, 23) (39, 58) (46, 13) (47, 19) (62, 67) (71, 26) (74, 65)  distance 508.36 shortcut 36.06
points(12, 12) (18, 11) (24, 36) (33, 10) (33, 34) (40, 19) (45, 26) (53, 73) (56, 65) (56, 75) (59, 59) (75, 26)  distance 435.47 shortcut 66.47
points(7, 73) (18, 23) (31, 68) (36, 33) (54, 53) (72, 43)  distance 180.89 shortcut 71.59
points(33, 37) (34, 43) (60, 60)  distance 37.15 shortcut 35.47
points(6, 6) (7, 80) (13, 79) (21, 25) (33, 25) (34, 29) (53, 49) (60, 78) (61, 17) (63, 59)  distance 388.32 shortcut 63.70
points(5, 27) (12, 2) (15, 64) (21, 3) (22, 65) (26, 4) (33, 1) (42, 20) (60, 32) (62, 15) (72, 44) (79, 54)  distance 607.05 shortcut 21.63
points(7, 6) (9, 70) (13, 39) (16, 41) (27, 32) (33, 76) (48, 57) (61, 9) (63, 19) (71, 71) (73, 60)  distance 473.46 shortcut 62.01
points(4, 64) (30, 66) (36, 41) (52, 12) (67, 76) (71, 33) (77, 55)  distance 280.29 shortcut 73.82
points distance 0.00 shortcut 78.29
points(7, 11) (14, 3) (35, 71) (43, 3) (44, 72) (50, 21) (58, 42) (62, 6) (65, 49) (68, 30) (68, 47) (80, 22) (80, 23)  distance 476.01 shortcut 19.21
points(24, 24) (53, 19) (64, 73) (76, 57)  distance 136.70 shortcut 29.43
points(2, 32) (6, 19) (6, 37) (24, 75) (27, 61) (32, 51) (37, 10) (47, 66) (47, 70) (51, 5) (51, 48) (53, 45) (75, 58)  distance 474.84 shortcut 6.40
points(7, 30) (9, 57) (21, 52) (23, 54) (25, 54) (27, 18) (32, 59) (37, 2) (39, 1) (41, 21) (48, 46) (58, 13)  distance 458.06 shortcut 14.32
points(21, 40) (25, 79) (26, 20) (35, 74) (40, 62) (45, 47) (55, 1) (58, 70) (60, 60) (75, 77) (76, 27) (76, 53)  distance 411.30 shortcut 17.46
points(2, 77) (3, 11) (18, 8) (22, 78) (32, 5) (47, 24) (50, 24) (56, 54) (57, 5) (58, 28)  distance 319.05 shortcut 70.83
points(1, 12) (1, 65) (2, 19) (40, 37) (46, 79) (47, 37) (56, 17) (58, 64) (61, 8) (65, 56) (75, 74) (76, 31) (78, 10)  distance 510.81 shortcut 23.09
points(3, 29) (15, 36) (15, 42) (15, 77) (23, 38) (32, 3) (39, 66) (45, 51) (48, 21) (53, 2) (58, 58) (60, 46) (63, 15) (68, 73)  distance 548.08 shortcut 18.03
points(63, 70)  distance 0.00 shortcut 0.00
points(7, 57) (11, 63) (13, 38) (24, 24) (26, 20) (29, 58) (41, 65) (43, 5) (49, 73) (60, 17) (69, 30) (71, 71) (76, 22)  distance 403.15 shortcut 41.11
points(9, 49) (25, 39) (30, 52) (31, 47) (39, 15) (41, 78) (45, 16) (46, 26) (61, 31) (69, 49) (69, 63) (71, 25) (73, 24) (77, 27)  distance 435.59 shortcut 6.08
points(41, 41)  distance 0.00 shortcut 0.00
points(8, 46) (9, 15) (9, 64) (12, 26) (12, 40) (17, 31) (23, 34) (38, 68) (41, 27) (60, 20) (77, 28)  distance 332.66 shortcut 38.08
points(2, 78) (6, 28) (11, 4) (11, 21) (15, 13) (21, 49) (23, 25) (24, 2) (41, 12) (56, 44) (60, 35) (67, 34) (69, 1) (73, 55)  distance 537.39 shortcut 50.96
points(2, 66) (9, 14) (23, 32) (31, 35) (32, 71) (34, 11) (37, 58) (39, 31) (46, 27) (53, 53) (74, 51)  distance 335.12 shortcut 52.63
points(14, 57) (33, 18) (61, 5) (63, 63) (64, 15)  distance 197.59 shortcut 48.01
points(19, 28) (37, 53) (65, 45) (77, 55)  distance 110.40 shortcut 29.12
points(17, 17) (24, 31) (30, 31)  distance 21.65 shortcut 19.10
points(6, 7) (16, 69) (27, 33) (54, 36) (63, 51) (65, 72)  distance 248.71 shortcut 40.25
points(6, 5) (23, 61) (28, 24) (29, 1) (31, 63) (43, 43) (50, 74) (58, 65) (71, 70) (77, 46)  distance 318.93 shortcut 34.13
points(30, 29) (72, 72)  distance 60.11 shortcut 60.11
points(3, 65) (35, 8) (40, 8) (41, 41) (43, 22) (59, 70) (67, 17) (70, 15) (72, 68)  distance 397.67 shortcut 34.13
points(2, 27) (3, 49) (7, 39) (16, 63) (67, 79)  distance 158.27 shortcut 70.68
points(2, 66) (8, 40) (12, 76) (20, 37) (22, 16) (39, 66) (71, 21) (77, 51) (78, 18)  distance 407.80 shortcut 49.25
points(15, 67) (19, 31) (22, 57) (26, 66) (31, 46) (40, 48) (48, 4) (51, 39) (57, 57) (60, 18) (64, 53) (75, 9) (79, 43) (80, 19)  distance 459.07 shortcut 43.17
points(32, 43) (44, 78) (47, 59) (57, 24) (61, 43) (69, 69) (73, 31) (76, 53)  distance 245.45 shortcut 17.46
points(5, 40) (9, 22) (10, 34) (16, 36) (22, 42) (27, 23) (46, 66) (52, 52) (64, 75) (68, 49) (69, 28)  distance 452.27 shortcut 45.69
points(23, 1) (38, 11) (71, 77) (71, 77)  distance 237.47 shortcut 89.89
points(3, 71) (22, 13) (25, 7) (28, 46) (34, 3) (43, 72) (45, 27) (45, 47) (46, 30) (47, 13) (47, 32) (50, 38) (60, 24) (71, 47)  distance 509.53 shortcut 17.03
points distance 0.00 shortcut 54.92
points(21, 2) (21, 55) (22, 71) (23, 34) (25, 68) (28, 11) (32, 45) (33, 21) (35, 44) (46, 53) (46, 79) (49, 80) (71, 69)  distance 413.27 shortcut 44.27
points(15, 31) (27, 4) (31, 56) (36, 73) (42, 78) (43, 1) (43, 60) (53, 12) (57, 2) (74, 44) (80, 80)  distance 499.82 shortcut 12.65
points(8, 63) (9, 30) (11, 19) (13, 51) (19, 3) (24, 58) (31, 19) (60, 39) (65, 61) (76, 55) (79, 38)  distance 381.62 shortcut 63.13
points(2, 26) (4, 29) (22, 53) (40, 2) (47, 55) (51, 26) (57, 61) (60, 76) (70, 41)  distance 340.31 shortcut 24.21
points(19, 40) (22, 70) (72, 72)  distance 92.06 shortcut 50.04
points(21, 69) (27, 20) (42, 55) (44, 4) (50, 28)  distance 170.67 shortcut 38.08
points(11, 11) (19, 38) (38, 19) (47, 52) (51, 20) (59, 27) (69, 18) (70, 26) (79, 59)  distance 254.39 shortcut 54.56
points(2, 27) (3, 29) (6, 2) (18, 18) (47, 63) (68, 9)  distance 207.04 shortcut 20.00
points(1, 4) (2, 48) (18, 41) (54, 56) (59, 32) (71, 17)  distance 224.91 shortcut 71.20
points(4, 4) (4, 50) (17, 72) (74, 62)  distance 187.48 shortcut 69.23
points(2, 69) (7, 49) (8, 19) (21, 64) (24, 62) (30, 66)  distance 139.16 shortcut 3.61
points(3, 61) (13, 13) (17, 73) (19, 2) (19, 77) (20, 14) (20, 31) (26, 8) (37, 37) (43, 62) (45, 18) (45, 74) (51, 17) (69, 70)  distance 646.47 shortcut 13.93
points(18, 9) (27, 21) (51, 65) (52, 31) (52, 63) (55, 22) (55, 47) (59, 14) (60, 35) (65, 73) (67, 40) (69, 62) (75, 78) (78, 26)  distance 456.74 shortcut 43.97
points(10, 44) (22, 8) (30, 16) (32, 75) (43, 50) (46, 26) (49, 3) (62, 60) (74, 11)  distance 309.99 shortcut 52.09
points(9, 50) (25, 78) (37, 20) (38, 76) (49, 11) (71, 80) (74, 46)  distance 280.37 shortcut 32.25
points distance 0.00 shortcut 81.91
points distance 0.00 shortcut 81.91
points(6, 64) (16, 16) (29, 75) (31, 72) (39, 23) (44, 60)  distance 183.26 shortcut 60.42
points(4, 5) (7, 45) (40, 3) (54, 54) (72, 79) (76, 72)  distance 266.57 shortcut 52.89
points(7, 37) (11, 13) (14, 14) (79, 71)  distance 193.04 shortcut 3.16
points distance 0.00 shortcut 17.03
points(41, 57) (43, 51) (48, 77) (54, 52) (69, 4) (79, 79)  distance 184.46 shortcut 43.91
points(12, 35) (17, 50) (19, 3) (23, 21) (73, 8)  distance 134.41 shortcut 70.00
points(2, 28) (4, 12) (7, 31) (11, 31) (11, 37) (15, 13) (32, 21) (38, 43) (43, 19) (61, 53) (62, 33) (66, 8) (74, 41)  distance 469.62 shortcut 41.98
points(2, 40) (7, 3) (8, 3) (8, 8) (17, 76) (20, 51) (21, 1) (28, 42) (39, 65) (59, 16) (68, 59) (69, 29)  distance 454.39 shortcut 51.62
points(10, 10) (15, 44) (22, 56) (23, 57) (29, 39) (32, 13) (50, 43) (65, 62) (73, 39)  distance 294.02 shortcut 47.54
points(15, 78) (17, 42) (71, 13) (71, 77) (73, 71) (78, 39)  distance 275.17 shortcut 32.39
points(11, 76) (19, 56) (24, 45) (30, 57) (33, 56) (34, 34) (39, 9) (40, 42) (47, 52) (49, 9) (49, 30) (56, 12) (68, 68)  distance 363.58 shortcut 50.45
points(21, 38) (35, 22) (45, 78) (54, 38) (78, 39) (79, 74)  distance 211.00 shortcut 21.26
points(4, 72) (16, 34) (17, 17) (24, 69) (34, 26) (40, 20) (44, 34) (51, 43) (56, 44) (58, 2) (63, 6) (66, 30) (78, 12)  distance 501.86 shortcut 43.66
points(2, 79) (53, 24) (54, 68) (59, 20) (62, 7) (68, 68)  distance 272.14 shortcut 48.84
points(5, 30) (10, 32) (13, 21) (20, 46) (22, 23) (23, 40) (39, 39) (44, 75) (60, 70) (73, 74) (74, 63) (75, 22)  distance 408.78 shortcut 36.35
points(12, 25) (16, 18) (32, 72) (51, 51) (51, 60)  distance 210.27 shortcut 28.32
points(16, 16)  distance 0.00 shortcut 0.00
points(35, 1) (41, 28) (69, 61) (72, 10)  distance 116.83 shortcut 43.28
points(6, 45) (22, 71) (29, 45) (57, 46) (60, 45) (73, 79) (76, 52)  distance 213.71 shortcut 75.13
points(10, 10) (47, 58) (50, 35) (66, 70) (79, 1)  distance 195.91 shortcut 47.17
points distance 0.00 shortcut 61.03
points(30, 79) (64, 64)  distance 37.16 shortcut 37.16
points(8, 60) (15, 71) (38, 70) (53, 29) (57, 60) (75, 64) (78, 53)  distance 272.11 shortcut 21.47
points(35, 7) (37, 10) (37, 62) (60, 22) (66, 55) (67, 67) (79, 26)  distance 221.60 shortcut 68.00
points(31, 31)  distance 0.00 shortcut 0.00
points(2, 2) (7, 22) (10, 2) (13, 53) (20, 54) (25, 28) (56, 28) (57, 63) (58, 2) (66, 2) (80, 32)  distance 458.39 shortcut 8.00
points(2, 20) (2, 36) (21, 14) (39, 42) (47, 47) (50, 3) (53, 4) (61, 80) (69, 66)  distance 419.79 shortcut 44.10
points(7, 7) (58, 15)  distance 51.62 shortcut 51.62
points(26, 79) (32, 2) (79, 59)  distance 151.11 shortcut 56.65
points(1, 39) (16, 39) (33, 5) (39, 50) (56, 2) (67, 3) (71, 50)  distance 249.48 shortcut 32.00
points(8, 42) (17, 31) (19, 80) (39, 39) (47, 55) (57, 39) (61, 43)  distance 202.77 shortcut 45.62
points(4, 31) (21, 40) (31, 68) (38, 55) (40, 69)  distance 103.31 shortcut 14.76
points(4, 2) (8, 77) (23, 19) (52, 1) (62, 3) (67, 26) (68, 26) (75, 35) (77, 54)  distance 363.77 shortcut 45.54
points(48, 17) (76, 42)  distance 37.54 shortcut 37.54
points distance 0.00 shortcut 86.83
points(1, 5) (14, 77) (40, 40) (58, 8) (64, 29)  distance 203.24 shortcut 52.40
points(50, 50) (63, 44) (69, 69)  distance 41.19 shortcut 25.71
points(43, 40) (69, 69) (72, 37) (75, 44)  distance 75.72 shortcut 25.71
points(10, 64) (13, 40) (27, 62) (39, 74) (55, 41) (59, 75) (70, 40) (75, 11) (80, 73)  distance 384.06 shortcut 70.04
points(11, 20) (29, 10) (54, 17)  distance 46.55 shortcut 43.10
points distance 0.00 shortcut 56.61
points distance 0.00 shortcut 56.61
points(3, 27) (13, 59) (16, 35) (18, 18) (52, 51) (61, 24) (61, 41) (71, 12) (80, 46)  distance 301.62 shortcut 43.42
points(24, 38) (31, 74) (51, 57) (77, 50)  distance 139.24 shortcut 26.25
points(4, 33) (5, 77) (6, 2) (7, 73) (19, 7) (28, 33) (36, 55) (38, 39)  distance 292.99 shortcut 37.22
points distance 0.00 shortcut 54.45
points(5, 2) (15, 6) (16, 68) (40, 5) (44, 9) (63, 52) (70, 48) (76, 20)  distance 402.94 shortcut 65.31
points(21, 55) (64, 53)  distance 43.05 shortcut 43.05
points(3, 19) (14, 44) (18, 59) (45, 73) (60, 41) (74, 64)  distance 250.09 shortcut 15.52
points(7, 7) (15, 27) (15, 65) (19, 27) (25, 51) (37, 79) (43, 16) (44, 63) (52, 75) (57, 53) (61, 45) (62, 6) (68, 58) (69, 30) (75, 60)  distance 484.32 shortcut 47.54
points(10, 63)  distance 0.00 shortcut 0.00
points(1, 55) (11, 13) (16, 48) (29, 14) (30, 61) (31, 24) (43, 4) (46, 32) (51, 6) (60, 11) (61, 50) (65, 64) (72, 18) (76, 73)  distance 567.97 shortcut 25.24
points distance 0.00 shortcut 56.04
points(1, 18) (1, 45) (16, 29) (17, 63) (21, 45) (29, 31) (66, 66) (68, 9) (80, 21)  distance 299.48 shortcut 49.66
points(2, 14) (5, 10) (7, 45) (13, 46) (15, 58) (35, 77) (55, 63)  distance 234.82 shortcut 24.41
points(2, 36) (19, 13) (20, 37) (36, 67) (46, 43) (47, 61) (71, 43) (76, 17) (76, 36)  distance 276.58 shortcut 56.01
points distance 0.00 shortcut 42.06
points(2, 57) (7, 36) (10, 12) (13, 69) (15, 75) (51, 45) (53, 52) (54, 64) (65, 58) (65, 76) (70, 53) (72, 61) (74, 45)  distance 459.60 shortcut 58.73
points(13, 76) (17, 67) (26, 40) (61, 37) (63, 58) (69, 70) (74, 74)  distance 260.82 shortcut 52.43
points(19, 15) (48, 33)  distance 34.13 shortcut 34.13
points(5, 61) (7, 19) (13, 29) (16, 12) (24, 57) (25, 76) (37, 37) (70, 23) (80, 49)  distance 400.33 shortcut 40.80
points(4, 53) (27, 27) (31, 23) (33, 64) (40, 32) (64, 17) (71, 80)  distance 221.24 shortcut 34.71
points(50, 20) (52, 76)  distance 56.04 shortcut 56.04
points(13, 25) (14, 14) (21, 67)  distance 96.22 shortcut 11.05
points(23, 23) (70, 6)  distance 49.98 shortcut 49.98
points(3, 22) (8, 8) (13, 18) (25, 78) (33, 52) (34, 29) (35, 51) (58, 6) (62, 55) (77, 30) (80, 52)  distance 498.81 shortcut 50.77
